TN:
SF:.cifuzz/build/libfuzzer-clang/llvm_cov+address+undefined/include/csp/autoconfig.h
FNF:0
FNH:0
DA:10,44
DA:11,367
DA:12,367
DA:13,2531139
DA:14,220
DA:15,748
DA:16,88
LF:7
LH:7
end_of_record
TN:
SF:include/csp/arch/csp_queue.h
FNF:0
FNH:0
DA:21,289867
DA:22,284789
LF:2
LH:2
end_of_record
TN:
SF:include/csp/crypto/csp_hmac.h
FNF:0
FNH:0
DA:19,0
LF:1
LH:0
end_of_record
TN:
SF:include/csp/crypto/csp_sha1.h
FNF:0
FNH:0
DA:17,0
DA:20,0
LF:2
LH:0
end_of_record
TN:
SF:include/csp/csp.h
FN:154,156,csp_bridge.c:csp_transaction
FN:154,156,csp_buffer.c:csp_transaction
FN:154,156,csp_conn.c:csp_transaction
FN:154,156,csp_crc32.c:csp_transaction
FN:154,156,csp_dedup.c:csp_transaction
FN:154,156,csp_id.c:csp_transaction
FN:154,156,csp_if_can.c:csp_transaction
FN:154,156,csp_if_eth.c:csp_transaction
FN:154,156,csp_if_eth_pbuf.c:csp_transaction
FN:154,156,csp_if_i2c.c:csp_transaction
FN:154,156,csp_if_kiss.c:csp_transaction
FN:154,156,csp_if_lo.c:csp_transaction
FN:154,156,csp_if_tun.c:csp_transaction
FN:154,156,csp_if_udp.c:csp_transaction
FN:154,156,csp_if_zmqhub.c:csp_transaction
FN:154,156,csp_iflist.c:csp_transaction
FN:154,156,csp_init.c:csp_transaction
FN:154,156,csp_io.c:csp_transaction
FN:154,156,csp_port.c:csp_transaction
FN:154,156,csp_promisc.c:csp_transaction
FN:154,156,csp_qfifo.c:csp_transaction
FN:154,156,csp_rdp.c:csp_transaction
FN:154,156,csp_rdp_queue.c:csp_transaction
FN:154,156,csp_route.c:csp_transaction
FN:154,156,csp_semaphore.c:csp_transaction
FN:154,156,csp_service_handler.c:csp_transaction
FN:154,156,csp_services.c:csp_transaction
FN:154,156,csp_sfp.c:csp_transaction
FN:154,156,eth_linux.c:csp_transaction
FN:154,156,fuzz_csp_cmp.cpp:_ZL15csp_transactionhthjPviS_i
FN:154,156,fuzz_csp_get_buf_free_1.cpp:_ZL15csp_transactionhthjPviS_i
FN:154,156,fuzz_csp_get_uptime.cpp:_ZL15csp_transactionhthjPviS_i
FN:154,156,fuzz_csp_get_uptime_1.cpp:_ZL15csp_transactionhthjPviS_i
FN:154,156,fuzz_csp_ping.cpp:_ZL15csp_transactionhthjPviS_i
FN:154,156,fuzz_csp_reboot.cpp:_ZL15csp_transactionhthjPviS_i
FN:154,156,fuzz_csp_route_work.cpp:_ZL15csp_transactionhthjPviS_i
FN:154,156,fuzz_csp_route_work_1.cpp:_ZL15csp_transactionhthjPviS_i
FN:154,156,fuzz_csp_service_handler.cpp:_ZL15csp_transactionhthjPviS_i
FN:154,156,fuzz_csp_transaction_w_opts.cpp:_ZL15csp_transactionhthjPviS_i
FN:154,156,fuzz_test.cpp:_ZL15csp_transactionhthjPviS_i
FN:154,156,fuzz_test_2.cpp:_ZL15csp_transactionhthjPviS_i
FN:154,156,pthread_queue.c:csp_transaction
FN:154,156,usart_kiss.c:csp_transaction
FN:154,156,usart_linux.c:csp_transaction
FNDA:0,csp_bridge.c:csp_transaction
FNDA:0,csp_buffer.c:csp_transaction
FNDA:0,csp_conn.c:csp_transaction
FNDA:0,csp_crc32.c:csp_transaction
FNDA:0,csp_dedup.c:csp_transaction
FNDA:0,csp_id.c:csp_transaction
FNDA:0,csp_if_can.c:csp_transaction
FNDA:0,csp_if_eth.c:csp_transaction
FNDA:0,csp_if_eth_pbuf.c:csp_transaction
FNDA:0,csp_if_i2c.c:csp_transaction
FNDA:0,csp_if_kiss.c:csp_transaction
FNDA:0,csp_if_lo.c:csp_transaction
FNDA:0,csp_if_tun.c:csp_transaction
FNDA:0,csp_if_udp.c:csp_transaction
FNDA:0,csp_if_zmqhub.c:csp_transaction
FNDA:0,csp_iflist.c:csp_transaction
FNDA:0,csp_init.c:csp_transaction
FNDA:0,csp_io.c:csp_transaction
FNDA:0,csp_port.c:csp_transaction
FNDA:0,csp_promisc.c:csp_transaction
FNDA:0,csp_qfifo.c:csp_transaction
FNDA:0,csp_rdp.c:csp_transaction
FNDA:0,csp_rdp_queue.c:csp_transaction
FNDA:0,csp_route.c:csp_transaction
FNDA:0,csp_semaphore.c:csp_transaction
FNDA:0,csp_service_handler.c:csp_transaction
FNDA:0,csp_services.c:csp_transaction
FNDA:0,csp_sfp.c:csp_transaction
FNDA:0,eth_linux.c:csp_transaction
FNDA:0,fuzz_csp_cmp.cpp:_ZL15csp_transactionhthjPviS_i
FNDA:0,fuzz_csp_get_buf_free_1.cpp:_ZL15csp_transactionhthjPviS_i
FNDA:0,fuzz_csp_get_uptime.cpp:_ZL15csp_transactionhthjPviS_i
FNDA:0,fuzz_csp_get_uptime_1.cpp:_ZL15csp_transactionhthjPviS_i
FNDA:0,fuzz_csp_ping.cpp:_ZL15csp_transactionhthjPviS_i
FNDA:0,fuzz_csp_reboot.cpp:_ZL15csp_transactionhthjPviS_i
FNDA:0,fuzz_csp_route_work.cpp:_ZL15csp_transactionhthjPviS_i
FNDA:0,fuzz_csp_route_work_1.cpp:_ZL15csp_transactionhthjPviS_i
FNDA:0,fuzz_csp_service_handler.cpp:_ZL15csp_transactionhthjPviS_i
FNDA:0,fuzz_csp_transaction_w_opts.cpp:_ZL15csp_transactionhthjPviS_i
FNDA:0,fuzz_test.cpp:_ZL15csp_transactionhthjPviS_i
FNDA:0,fuzz_test_2.cpp:_ZL15csp_transactionhthjPviS_i
FNDA:0,pthread_queue.c:csp_transaction
FNDA:0,usart_kiss.c:csp_transaction
FNDA:0,usart_linux.c:csp_transaction
FNF:44
FNH:0
DA:21,311
DA:154,0
DA:155,0
DA:156,0
LF:4
LH:1
end_of_record
TN:
SF:include/csp/csp_cmp.h
FN:198,200,csp_service_handler.c:csp_cmp_clock
FN:198,200,csp_service_handler.c:csp_cmp_ident
FN:198,200,csp_service_handler.c:csp_cmp_if_stats
FN:198,200,csp_service_handler.c:csp_cmp_route_set_v1
FN:198,200,csp_service_handler.c:csp_cmp_route_set_v2
FN:198,200,csp_services.c:csp_cmp_clock
FN:198,200,csp_services.c:csp_cmp_ident
FN:198,200,csp_services.c:csp_cmp_if_stats
FN:198,200,csp_services.c:csp_cmp_route_set_v1
FN:198,200,csp_services.c:csp_cmp_route_set_v2
FN:198,200,fuzz_csp_cmp.cpp:_ZL13csp_cmp_clocktjP15csp_cmp_message
FN:198,200,fuzz_csp_cmp.cpp:_ZL13csp_cmp_identtjP15csp_cmp_message
FN:198,200,fuzz_csp_cmp.cpp:_ZL16csp_cmp_if_statstjP15csp_cmp_message
FN:198,200,fuzz_csp_cmp.cpp:_ZL20csp_cmp_route_set_v1tjP15csp_cmp_message
FN:198,200,fuzz_csp_cmp.cpp:_ZL20csp_cmp_route_set_v2tjP15csp_cmp_message
FN:198,200,fuzz_csp_get_buf_free_1.cpp:_ZL13csp_cmp_clocktjP15csp_cmp_message
FN:198,200,fuzz_csp_get_buf_free_1.cpp:_ZL13csp_cmp_identtjP15csp_cmp_message
FN:198,200,fuzz_csp_get_buf_free_1.cpp:_ZL16csp_cmp_if_statstjP15csp_cmp_message
FN:198,200,fuzz_csp_get_buf_free_1.cpp:_ZL20csp_cmp_route_set_v1tjP15csp_cmp_message
FN:198,200,fuzz_csp_get_buf_free_1.cpp:_ZL20csp_cmp_route_set_v2tjP15csp_cmp_message
FN:198,200,fuzz_csp_get_uptime.cpp:_ZL13csp_cmp_clocktjP15csp_cmp_message
FN:198,200,fuzz_csp_get_uptime.cpp:_ZL13csp_cmp_identtjP15csp_cmp_message
FN:198,200,fuzz_csp_get_uptime.cpp:_ZL16csp_cmp_if_statstjP15csp_cmp_message
FN:198,200,fuzz_csp_get_uptime.cpp:_ZL20csp_cmp_route_set_v1tjP15csp_cmp_message
FN:198,200,fuzz_csp_get_uptime.cpp:_ZL20csp_cmp_route_set_v2tjP15csp_cmp_message
FN:198,200,fuzz_csp_get_uptime_1.cpp:_ZL13csp_cmp_clocktjP15csp_cmp_message
FN:198,200,fuzz_csp_get_uptime_1.cpp:_ZL13csp_cmp_identtjP15csp_cmp_message
FN:198,200,fuzz_csp_get_uptime_1.cpp:_ZL16csp_cmp_if_statstjP15csp_cmp_message
FN:198,200,fuzz_csp_get_uptime_1.cpp:_ZL20csp_cmp_route_set_v1tjP15csp_cmp_message
FN:198,200,fuzz_csp_get_uptime_1.cpp:_ZL20csp_cmp_route_set_v2tjP15csp_cmp_message
FN:216,218,csp_service_handler.c:csp_cmp_peek
FN:216,218,csp_services.c:csp_cmp_peek
FN:216,218,fuzz_csp_cmp.cpp:_ZL12csp_cmp_peektjP15csp_cmp_message
FN:216,218,fuzz_csp_get_buf_free_1.cpp:_ZL12csp_cmp_peektjP15csp_cmp_message
FN:216,218,fuzz_csp_get_uptime.cpp:_ZL12csp_cmp_peektjP15csp_cmp_message
FN:216,218,fuzz_csp_get_uptime_1.cpp:_ZL12csp_cmp_peektjP15csp_cmp_message
FN:228,230,csp_service_handler.c:csp_cmp_poke
FN:228,230,csp_services.c:csp_cmp_poke
FN:228,230,fuzz_csp_cmp.cpp:_ZL12csp_cmp_poketjP15csp_cmp_message
FN:228,230,fuzz_csp_get_buf_free_1.cpp:_ZL12csp_cmp_poketjP15csp_cmp_message
FN:228,230,fuzz_csp_get_uptime.cpp:_ZL12csp_cmp_poketjP15csp_cmp_message
FN:228,230,fuzz_csp_get_uptime_1.cpp:_ZL12csp_cmp_poketjP15csp_cmp_message
FN:240,242,csp_service_handler.c:csp_cmp_peek_v2
FN:240,242,csp_services.c:csp_cmp_peek_v2
FN:240,242,fuzz_csp_cmp.cpp:_ZL15csp_cmp_peek_v2tjP15csp_cmp_message
FN:240,242,fuzz_csp_get_buf_free_1.cpp:_ZL15csp_cmp_peek_v2tjP15csp_cmp_message
FN:240,242,fuzz_csp_get_uptime.cpp:_ZL15csp_cmp_peek_v2tjP15csp_cmp_message
FN:240,242,fuzz_csp_get_uptime_1.cpp:_ZL15csp_cmp_peek_v2tjP15csp_cmp_message
FN:252,254,csp_service_handler.c:csp_cmp_poke_v2
FN:252,254,csp_services.c:csp_cmp_poke_v2
FN:252,254,fuzz_csp_cmp.cpp:_ZL15csp_cmp_poke_v2tjP15csp_cmp_message
FN:252,254,fuzz_csp_get_buf_free_1.cpp:_ZL15csp_cmp_poke_v2tjP15csp_cmp_message
FN:252,254,fuzz_csp_get_uptime.cpp:_ZL15csp_cmp_poke_v2tjP15csp_cmp_message
FN:252,254,fuzz_csp_get_uptime_1.cpp:_ZL15csp_cmp_poke_v2tjP15csp_cmp_message
FNDA:0,csp_service_handler.c:csp_cmp_clock
FNDA:0,csp_service_handler.c:csp_cmp_ident
FNDA:0,csp_service_handler.c:csp_cmp_if_stats
FNDA:0,csp_service_handler.c:csp_cmp_route_set_v1
FNDA:0,csp_service_handler.c:csp_cmp_route_set_v2
FNDA:0,csp_services.c:csp_cmp_clock
FNDA:0,csp_services.c:csp_cmp_ident
FNDA:0,csp_services.c:csp_cmp_if_stats
FNDA:0,csp_services.c:csp_cmp_route_set_v1
FNDA:0,csp_services.c:csp_cmp_route_set_v2
FNDA:0,fuzz_csp_cmp.cpp:_ZL13csp_cmp_clocktjP15csp_cmp_message
FNDA:0,fuzz_csp_cmp.cpp:_ZL13csp_cmp_identtjP15csp_cmp_message
FNDA:0,fuzz_csp_cmp.cpp:_ZL16csp_cmp_if_statstjP15csp_cmp_message
FNDA:0,fuzz_csp_cmp.cpp:_ZL20csp_cmp_route_set_v1tjP15csp_cmp_message
FNDA:0,fuzz_csp_cmp.cpp:_ZL20csp_cmp_route_set_v2tjP15csp_cmp_message
FNDA:0,fuzz_csp_get_buf_free_1.cpp:_ZL13csp_cmp_clocktjP15csp_cmp_message
FNDA:0,fuzz_csp_get_buf_free_1.cpp:_ZL13csp_cmp_identtjP15csp_cmp_message
FNDA:0,fuzz_csp_get_buf_free_1.cpp:_ZL16csp_cmp_if_statstjP15csp_cmp_message
FNDA:0,fuzz_csp_get_buf_free_1.cpp:_ZL20csp_cmp_route_set_v1tjP15csp_cmp_message
FNDA:0,fuzz_csp_get_buf_free_1.cpp:_ZL20csp_cmp_route_set_v2tjP15csp_cmp_message
FNDA:0,fuzz_csp_get_uptime.cpp:_ZL13csp_cmp_clocktjP15csp_cmp_message
FNDA:0,fuzz_csp_get_uptime.cpp:_ZL13csp_cmp_identtjP15csp_cmp_message
FNDA:0,fuzz_csp_get_uptime.cpp:_ZL16csp_cmp_if_statstjP15csp_cmp_message
FNDA:0,fuzz_csp_get_uptime.cpp:_ZL20csp_cmp_route_set_v1tjP15csp_cmp_message
FNDA:0,fuzz_csp_get_uptime.cpp:_ZL20csp_cmp_route_set_v2tjP15csp_cmp_message
FNDA:0,fuzz_csp_get_uptime_1.cpp:_ZL13csp_cmp_clocktjP15csp_cmp_message
FNDA:0,fuzz_csp_get_uptime_1.cpp:_ZL13csp_cmp_identtjP15csp_cmp_message
FNDA:0,fuzz_csp_get_uptime_1.cpp:_ZL16csp_cmp_if_statstjP15csp_cmp_message
FNDA:0,fuzz_csp_get_uptime_1.cpp:_ZL20csp_cmp_route_set_v1tjP15csp_cmp_message
FNDA:0,fuzz_csp_get_uptime_1.cpp:_ZL20csp_cmp_route_set_v2tjP15csp_cmp_message
FNDA:0,csp_service_handler.c:csp_cmp_peek
FNDA:0,csp_services.c:csp_cmp_peek
FNDA:0,fuzz_csp_cmp.cpp:_ZL12csp_cmp_peektjP15csp_cmp_message
FNDA:0,fuzz_csp_get_buf_free_1.cpp:_ZL12csp_cmp_peektjP15csp_cmp_message
FNDA:0,fuzz_csp_get_uptime.cpp:_ZL12csp_cmp_peektjP15csp_cmp_message
FNDA:0,fuzz_csp_get_uptime_1.cpp:_ZL12csp_cmp_peektjP15csp_cmp_message
FNDA:0,csp_service_handler.c:csp_cmp_poke
FNDA:0,csp_services.c:csp_cmp_poke
FNDA:0,fuzz_csp_cmp.cpp:_ZL12csp_cmp_poketjP15csp_cmp_message
FNDA:0,fuzz_csp_get_buf_free_1.cpp:_ZL12csp_cmp_poketjP15csp_cmp_message
FNDA:0,fuzz_csp_get_uptime.cpp:_ZL12csp_cmp_poketjP15csp_cmp_message
FNDA:0,fuzz_csp_get_uptime_1.cpp:_ZL12csp_cmp_poketjP15csp_cmp_message
FNDA:0,csp_service_handler.c:csp_cmp_peek_v2
FNDA:0,csp_services.c:csp_cmp_peek_v2
FNDA:0,fuzz_csp_cmp.cpp:_ZL15csp_cmp_peek_v2tjP15csp_cmp_message
FNDA:0,fuzz_csp_get_buf_free_1.cpp:_ZL15csp_cmp_peek_v2tjP15csp_cmp_message
FNDA:0,fuzz_csp_get_uptime.cpp:_ZL15csp_cmp_peek_v2tjP15csp_cmp_message
FNDA:0,fuzz_csp_get_uptime_1.cpp:_ZL15csp_cmp_peek_v2tjP15csp_cmp_message
FNDA:0,csp_service_handler.c:csp_cmp_poke_v2
FNDA:0,csp_services.c:csp_cmp_poke_v2
FNDA:0,fuzz_csp_cmp.cpp:_ZL15csp_cmp_poke_v2tjP15csp_cmp_message
FNDA:0,fuzz_csp_get_buf_free_1.cpp:_ZL15csp_cmp_poke_v2tjP15csp_cmp_message
FNDA:0,fuzz_csp_get_uptime.cpp:_ZL15csp_cmp_poke_v2tjP15csp_cmp_message
FNDA:0,fuzz_csp_get_uptime_1.cpp:_ZL15csp_cmp_poke_v2tjP15csp_cmp_message
FNF:54
FNH:0
DA:23,13
DA:27,11
DA:40,0
DA:44,0
DA:48,0
DA:52,0
DA:56,0
DA:60,0
DA:64,0
DA:68,0
DA:72,0
DA:78,0
DA:82,0
DA:86,0
DA:96,0
DA:101,0
DA:106,0
DA:111,0
DA:180,0
DA:198,0
DA:199,0
DA:200,0
DA:216,0
DA:217,0
DA:218,0
DA:228,0
DA:229,0
DA:230,0
DA:240,0
DA:241,0
DA:242,0
DA:252,0
DA:253,0
DA:254,0
LF:34
LH:2
end_of_record
TN:
SF:include/csp/csp_debug.h
FNF:0
FNH:0
DA:35,0
DA:37,0
DA:38,0
DA:40,0
DA:41,0
DA:42,0
DA:43,0
DA:44,0
DA:45,0
DA:49,0
DA:50,0
DA:52,0
DA:54,0
DA:74,0
DA:79,0
DA:80,20
DA:81,14
LF:17
LH:2
end_of_record
TN:
SF:include/csp/csp_error.h
FNF:0
FNH:0
DA:12,232199
DA:13,0
DA:14,0
DA:15,603101
DA:16,0
DA:19,0
DA:20,0
DA:21,0
DA:22,0
DA:23,0
DA:24,6
DA:26,0
DA:27,0
DA:28,0
LF:14
LH:3
end_of_record
TN:
SF:include/csp/csp_interface.h
FNF:0
FNH:0
DA:14,0
LF:1
LH:0
end_of_record
TN:
SF:include/csp/csp_rtable.h
FNF:0
FNH:0
DA:18,49
LF:1
LH:1
end_of_record
TN:
SF:include/csp/csp_sfp.h
FN:55,57,csp_bridge.c:csp_sfp_send
FN:55,57,csp_buffer.c:csp_sfp_send
FN:55,57,csp_conn.c:csp_sfp_send
FN:55,57,csp_crc32.c:csp_sfp_send
FN:55,57,csp_dedup.c:csp_sfp_send
FN:55,57,csp_id.c:csp_sfp_send
FN:55,57,csp_if_can.c:csp_sfp_send
FN:55,57,csp_if_eth.c:csp_sfp_send
FN:55,57,csp_if_eth_pbuf.c:csp_sfp_send
FN:55,57,csp_if_i2c.c:csp_sfp_send
FN:55,57,csp_if_kiss.c:csp_sfp_send
FN:55,57,csp_if_lo.c:csp_sfp_send
FN:55,57,csp_if_tun.c:csp_sfp_send
FN:55,57,csp_if_udp.c:csp_sfp_send
FN:55,57,csp_if_zmqhub.c:csp_sfp_send
FN:55,57,csp_iflist.c:csp_sfp_send
FN:55,57,csp_init.c:csp_sfp_send
FN:55,57,csp_io.c:csp_sfp_send
FN:55,57,csp_port.c:csp_sfp_send
FN:55,57,csp_promisc.c:csp_sfp_send
FN:55,57,csp_qfifo.c:csp_sfp_send
FN:55,57,csp_rdp.c:csp_sfp_send
FN:55,57,csp_rdp_queue.c:csp_sfp_send
FN:55,57,csp_route.c:csp_sfp_send
FN:55,57,csp_semaphore.c:csp_sfp_send
FN:55,57,csp_service_handler.c:csp_sfp_send
FN:55,57,csp_services.c:csp_sfp_send
FN:55,57,csp_sfp.c:csp_sfp_send
FN:55,57,eth_linux.c:csp_sfp_send
FN:55,57,fuzz_csp_cmp.cpp:_ZL12csp_sfp_sendP10csp_conn_sPKvjjj
FN:55,57,fuzz_csp_get_buf_free_1.cpp:_ZL12csp_sfp_sendP10csp_conn_sPKvjjj
FN:55,57,fuzz_csp_get_uptime.cpp:_ZL12csp_sfp_sendP10csp_conn_sPKvjjj
FN:55,57,fuzz_csp_get_uptime_1.cpp:_ZL12csp_sfp_sendP10csp_conn_sPKvjjj
FN:55,57,fuzz_csp_ping.cpp:_ZL12csp_sfp_sendP10csp_conn_sPKvjjj
FN:55,57,fuzz_csp_reboot.cpp:_ZL12csp_sfp_sendP10csp_conn_sPKvjjj
FN:55,57,fuzz_csp_route_work.cpp:_ZL12csp_sfp_sendP10csp_conn_sPKvjjj
FN:55,57,fuzz_csp_route_work_1.cpp:_ZL12csp_sfp_sendP10csp_conn_sPKvjjj
FN:55,57,fuzz_csp_service_handler.cpp:_ZL12csp_sfp_sendP10csp_conn_sPKvjjj
FN:55,57,fuzz_csp_transaction_w_opts.cpp:_ZL12csp_sfp_sendP10csp_conn_sPKvjjj
FN:55,57,fuzz_test.cpp:_ZL12csp_sfp_sendP10csp_conn_sPKvjjj
FN:55,57,fuzz_test_2.cpp:_ZL12csp_sfp_sendP10csp_conn_sPKvjjj
FN:55,57,pthread_queue.c:csp_sfp_send
FN:55,57,usart_kiss.c:csp_sfp_send
FN:55,57,usart_linux.c:csp_sfp_send
FN:87,89,csp_bridge.c:csp_sfp_recv
FN:87,89,csp_buffer.c:csp_sfp_recv
FN:87,89,csp_conn.c:csp_sfp_recv
FN:87,89,csp_crc32.c:csp_sfp_recv
FN:87,89,csp_dedup.c:csp_sfp_recv
FN:87,89,csp_id.c:csp_sfp_recv
FN:87,89,csp_if_can.c:csp_sfp_recv
FN:87,89,csp_if_eth.c:csp_sfp_recv
FN:87,89,csp_if_eth_pbuf.c:csp_sfp_recv
FN:87,89,csp_if_i2c.c:csp_sfp_recv
FN:87,89,csp_if_kiss.c:csp_sfp_recv
FN:87,89,csp_if_lo.c:csp_sfp_recv
FN:87,89,csp_if_tun.c:csp_sfp_recv
FN:87,89,csp_if_udp.c:csp_sfp_recv
FN:87,89,csp_if_zmqhub.c:csp_sfp_recv
FN:87,89,csp_iflist.c:csp_sfp_recv
FN:87,89,csp_init.c:csp_sfp_recv
FN:87,89,csp_io.c:csp_sfp_recv
FN:87,89,csp_port.c:csp_sfp_recv
FN:87,89,csp_promisc.c:csp_sfp_recv
FN:87,89,csp_qfifo.c:csp_sfp_recv
FN:87,89,csp_rdp.c:csp_sfp_recv
FN:87,89,csp_rdp_queue.c:csp_sfp_recv
FN:87,89,csp_route.c:csp_sfp_recv
FN:87,89,csp_semaphore.c:csp_sfp_recv
FN:87,89,csp_service_handler.c:csp_sfp_recv
FN:87,89,csp_services.c:csp_sfp_recv
FN:87,89,csp_sfp.c:csp_sfp_recv
FN:87,89,eth_linux.c:csp_sfp_recv
FN:87,89,fuzz_csp_cmp.cpp:_ZL12csp_sfp_recvP10csp_conn_sPPvPij
FN:87,89,fuzz_csp_get_buf_free_1.cpp:_ZL12csp_sfp_recvP10csp_conn_sPPvPij
FN:87,89,fuzz_csp_get_uptime.cpp:_ZL12csp_sfp_recvP10csp_conn_sPPvPij
FN:87,89,fuzz_csp_get_uptime_1.cpp:_ZL12csp_sfp_recvP10csp_conn_sPPvPij
FN:87,89,fuzz_csp_ping.cpp:_ZL12csp_sfp_recvP10csp_conn_sPPvPij
FN:87,89,fuzz_csp_reboot.cpp:_ZL12csp_sfp_recvP10csp_conn_sPPvPij
FN:87,89,fuzz_csp_route_work.cpp:_ZL12csp_sfp_recvP10csp_conn_sPPvPij
FN:87,89,fuzz_csp_route_work_1.cpp:_ZL12csp_sfp_recvP10csp_conn_sPPvPij
FN:87,89,fuzz_csp_service_handler.cpp:_ZL12csp_sfp_recvP10csp_conn_sPPvPij
FN:87,89,fuzz_csp_transaction_w_opts.cpp:_ZL12csp_sfp_recvP10csp_conn_sPPvPij
FN:87,89,fuzz_test.cpp:_ZL12csp_sfp_recvP10csp_conn_sPPvPij
FN:87,89,fuzz_test_2.cpp:_ZL12csp_sfp_recvP10csp_conn_sPPvPij
FN:87,89,pthread_queue.c:csp_sfp_recv
FN:87,89,usart_kiss.c:csp_sfp_recv
FN:87,89,usart_linux.c:csp_sfp_recv
FNDA:0,csp_bridge.c:csp_sfp_send
FNDA:0,csp_buffer.c:csp_sfp_send
FNDA:0,csp_conn.c:csp_sfp_send
FNDA:0,csp_crc32.c:csp_sfp_send
FNDA:0,csp_dedup.c:csp_sfp_send
FNDA:0,csp_id.c:csp_sfp_send
FNDA:0,csp_if_can.c:csp_sfp_send
FNDA:0,csp_if_eth.c:csp_sfp_send
FNDA:0,csp_if_eth_pbuf.c:csp_sfp_send
FNDA:0,csp_if_i2c.c:csp_sfp_send
FNDA:0,csp_if_kiss.c:csp_sfp_send
FNDA:0,csp_if_lo.c:csp_sfp_send
FNDA:0,csp_if_tun.c:csp_sfp_send
FNDA:0,csp_if_udp.c:csp_sfp_send
FNDA:0,csp_if_zmqhub.c:csp_sfp_send
FNDA:0,csp_iflist.c:csp_sfp_send
FNDA:0,csp_init.c:csp_sfp_send
FNDA:0,csp_io.c:csp_sfp_send
FNDA:0,csp_port.c:csp_sfp_send
FNDA:0,csp_promisc.c:csp_sfp_send
FNDA:0,csp_qfifo.c:csp_sfp_send
FNDA:0,csp_rdp.c:csp_sfp_send
FNDA:0,csp_rdp_queue.c:csp_sfp_send
FNDA:0,csp_route.c:csp_sfp_send
FNDA:0,csp_semaphore.c:csp_sfp_send
FNDA:0,csp_service_handler.c:csp_sfp_send
FNDA:0,csp_services.c:csp_sfp_send
FNDA:0,csp_sfp.c:csp_sfp_send
FNDA:0,eth_linux.c:csp_sfp_send
FNDA:0,fuzz_csp_cmp.cpp:_ZL12csp_sfp_sendP10csp_conn_sPKvjjj
FNDA:0,fuzz_csp_get_buf_free_1.cpp:_ZL12csp_sfp_sendP10csp_conn_sPKvjjj
FNDA:0,fuzz_csp_get_uptime.cpp:_ZL12csp_sfp_sendP10csp_conn_sPKvjjj
FNDA:0,fuzz_csp_get_uptime_1.cpp:_ZL12csp_sfp_sendP10csp_conn_sPKvjjj
FNDA:0,fuzz_csp_ping.cpp:_ZL12csp_sfp_sendP10csp_conn_sPKvjjj
FNDA:0,fuzz_csp_reboot.cpp:_ZL12csp_sfp_sendP10csp_conn_sPKvjjj
FNDA:0,fuzz_csp_route_work.cpp:_ZL12csp_sfp_sendP10csp_conn_sPKvjjj
FNDA:0,fuzz_csp_route_work_1.cpp:_ZL12csp_sfp_sendP10csp_conn_sPKvjjj
FNDA:0,fuzz_csp_service_handler.cpp:_ZL12csp_sfp_sendP10csp_conn_sPKvjjj
FNDA:0,fuzz_csp_transaction_w_opts.cpp:_ZL12csp_sfp_sendP10csp_conn_sPKvjjj
FNDA:0,fuzz_test.cpp:_ZL12csp_sfp_sendP10csp_conn_sPKvjjj
FNDA:0,fuzz_test_2.cpp:_ZL12csp_sfp_sendP10csp_conn_sPKvjjj
FNDA:0,pthread_queue.c:csp_sfp_send
FNDA:0,usart_kiss.c:csp_sfp_send
FNDA:0,usart_linux.c:csp_sfp_send
FNDA:0,csp_bridge.c:csp_sfp_recv
FNDA:0,csp_buffer.c:csp_sfp_recv
FNDA:0,csp_conn.c:csp_sfp_recv
FNDA:0,csp_crc32.c:csp_sfp_recv
FNDA:0,csp_dedup.c:csp_sfp_recv
FNDA:0,csp_id.c:csp_sfp_recv
FNDA:0,csp_if_can.c:csp_sfp_recv
FNDA:0,csp_if_eth.c:csp_sfp_recv
FNDA:0,csp_if_eth_pbuf.c:csp_sfp_recv
FNDA:0,csp_if_i2c.c:csp_sfp_recv
FNDA:0,csp_if_kiss.c:csp_sfp_recv
FNDA:0,csp_if_lo.c:csp_sfp_recv
FNDA:0,csp_if_tun.c:csp_sfp_recv
FNDA:0,csp_if_udp.c:csp_sfp_recv
FNDA:0,csp_if_zmqhub.c:csp_sfp_recv
FNDA:0,csp_iflist.c:csp_sfp_recv
FNDA:0,csp_init.c:csp_sfp_recv
FNDA:0,csp_io.c:csp_sfp_recv
FNDA:0,csp_port.c:csp_sfp_recv
FNDA:0,csp_promisc.c:csp_sfp_recv
FNDA:0,csp_qfifo.c:csp_sfp_recv
FNDA:0,csp_rdp.c:csp_sfp_recv
FNDA:0,csp_rdp_queue.c:csp_sfp_recv
FNDA:0,csp_route.c:csp_sfp_recv
FNDA:0,csp_semaphore.c:csp_sfp_recv
FNDA:0,csp_service_handler.c:csp_sfp_recv
FNDA:0,csp_services.c:csp_sfp_recv
FNDA:0,csp_sfp.c:csp_sfp_recv
FNDA:0,eth_linux.c:csp_sfp_recv
FNDA:0,fuzz_csp_cmp.cpp:_ZL12csp_sfp_recvP10csp_conn_sPPvPij
FNDA:0,fuzz_csp_get_buf_free_1.cpp:_ZL12csp_sfp_recvP10csp_conn_sPPvPij
FNDA:0,fuzz_csp_get_uptime.cpp:_ZL12csp_sfp_recvP10csp_conn_sPPvPij
FNDA:0,fuzz_csp_get_uptime_1.cpp:_ZL12csp_sfp_recvP10csp_conn_sPPvPij
FNDA:0,fuzz_csp_ping.cpp:_ZL12csp_sfp_recvP10csp_conn_sPPvPij
FNDA:0,fuzz_csp_reboot.cpp:_ZL12csp_sfp_recvP10csp_conn_sPPvPij
FNDA:0,fuzz_csp_route_work.cpp:_ZL12csp_sfp_recvP10csp_conn_sPPvPij
FNDA:0,fuzz_csp_route_work_1.cpp:_ZL12csp_sfp_recvP10csp_conn_sPPvPij
FNDA:0,fuzz_csp_service_handler.cpp:_ZL12csp_sfp_recvP10csp_conn_sPPvPij
FNDA:0,fuzz_csp_transaction_w_opts.cpp:_ZL12csp_sfp_recvP10csp_conn_sPPvPij
FNDA:0,fuzz_test.cpp:_ZL12csp_sfp_recvP10csp_conn_sPPvPij
FNDA:0,fuzz_test_2.cpp:_ZL12csp_sfp_recvP10csp_conn_sPPvPij
FNDA:0,pthread_queue.c:csp_sfp_recv
FNDA:0,usart_kiss.c:csp_sfp_recv
FNDA:0,usart_linux.c:csp_sfp_recv
FNF:88
FNH:0
DA:55,0
DA:56,0
DA:57,0
DA:87,0
DA:88,0
DA:89,0
LF:6
LH:0
end_of_record
TN:
SF:include/csp/csp_types.h
FNF:0
FNH:0
DA:39,30
DA:70,0
DA:71,18
DA:72,18446744073709540823
DA:73,52
DA:80,20
DA:81,55
DA:83,57
DA:85,77
DA:86,55
DA:87,0
DA:88,0
DA:93,20
DA:94,55
DA:96,55
DA:98,75
DA:99,55
DA:100,0
DA:190,0
DA:192,0
DA:195,0
DA:197,0
LF:22
LH:14
end_of_record
TN:
SF:include/csp/interfaces/csp_if_can.h
FNF:0
FNH:0
DA:88,0
DA:94,0
DA:96,0
DA:106,0
DA:108,0
DA:110,0
DA:112,0
DA:114,0
DA:116,0
DA:120,0
DA:121,0
DA:122,0
DA:125,0
DA:126,0
DA:129,0
DA:130,0
DA:133,0
DA:134,0
DA:136,0
DA:137,0
DA:139,0
DA:140,0
DA:142,0
DA:143,0
DA:145,0
DA:146,0
DA:149,0
DA:150,0
DA:152,0
DA:153,0
DA:155,0
DA:156,0
DA:158,0
DA:159,0
DA:165,0
DA:166,0
DA:167,0
DA:168,0
LF:38
LH:0
end_of_record
TN:
SF:include/csp/interfaces/csp_if_eth.h
FNF:0
FNH:0
DA:47,0
DA:51,0
DA:54,0
DA:59,0
LF:4
LH:0
end_of_record
TN:
SF:include/csp/interfaces/csp_if_kiss.h
FNF:0
FNH:0
DA:17,0
LF:1
LH:0
end_of_record
TN:
SF:include/csp/interfaces/csp_if_zmqhub.h
FNF:0
FNH:0
DA:27,0
DA:33,0
DA:38,0
LF:3
LH:0
end_of_record
TN:
SF:src/arch/posix/csp_clock.c
FN:18,25,csp_clock_set_time
FN:6,16,csp_clock_get_time
FNDA:0,csp_clock_set_time
FNDA:0,csp_clock_get_time
FNF:2
FNH:0
BRDA:9,0,0,-
BRDA:9,0,1,-
BRDA:21,0,0,-
BRDA:21,0,1,-
BRF:4
BRH:0
DA:6,0
DA:8,0
DA:9,0
DA:10,0
DA:11,0
DA:12,0
DA:13,0
DA:14,0
DA:15,0
DA:16,0
DA:18,0
DA:20,0
DA:21,0
DA:22,0
DA:23,0
DA:24,0
DA:25,0
LF:17
LH:0
end_of_record
TN:
SF:src/arch/posix/csp_queue.c
FN:11,13,csp_queue_enqueue
FN:15,20,csp_queue_enqueue_isr
FN:22,24,csp_queue_dequeue
FN:26,31,csp_queue_dequeue_isr
FN:33,35,csp_queue_size
FN:37,39,csp_queue_size_isr
FN:41,43,csp_queue_free
FN:45,47,csp_queue_empty
FN:6,9,csp_queue_create_static
FNDA:687,csp_queue_enqueue
FNDA:0,csp_queue_enqueue_isr
FNDA:287446,csp_queue_dequeue
FNDA:0,csp_queue_dequeue_isr
FNDA:56,csp_queue_size
FNDA:0,csp_queue_size_isr
FNDA:0,csp_queue_free
FNDA:0,csp_queue_empty
FNDA:543,csp_queue_create_static
FNF:9
FNH:4
BRDA:16,0,0,-
BRDA:16,0,1,-
BRDA:27,0,0,-
BRDA:27,0,1,-
BRF:4
BRH:0
DA:6,543
DA:8,543
DA:9,543
DA:11,687
DA:12,687
DA:13,687
DA:15,0
DA:16,0
DA:17,0
DA:18,0
DA:19,0
DA:20,0
DA:22,287446
DA:23,287446
DA:24,287446
DA:26,0
DA:27,0
DA:28,0
DA:29,0
DA:30,0
DA:31,0
DA:33,56
DA:34,56
DA:35,56
DA:37,0
DA:38,0
DA:39,0
DA:41,0
DA:42,0
DA:43,0
DA:45,0
DA:46,0
DA:47,0
LF:33
LH:12
end_of_record
TN:
SF:src/arch/posix/csp_semaphore.c
FN:10,13,csp_bin_sem_init
FN:15,45,csp_bin_sem_wait
FN:47,60,csp_bin_sem_post
FNDA:352,csp_bin_sem_init
FNDA:5,csp_bin_sem_wait
FNDA:2,csp_bin_sem_post
FNF:3
FNH:3
BRDA:19,0,0,0
BRDA:19,0,1,5
BRDA:23,0,0,0
BRDA:23,0,1,5
BRDA:32,0,0,0
BRDA:32,0,1,5
BRDA:41,0,0,2
BRDA:41,0,1,3
BRDA:51,0,0,0
BRDA:51,0,1,2
BRDA:55,0,0,2
BRDA:55,0,1,0
BRF:12
BRH:7
DA:10,352
DA:12,352
DA:13,352
DA:15,5
DA:17,5
DA:19,5
DA:20,0
DA:21,5
DA:22,5
DA:23,5
DA:24,0
DA:25,0
DA:27,5
DA:28,5
DA:30,5
DA:32,5
DA:33,0
DA:34,0
DA:36,5
DA:38,5
DA:39,5
DA:41,5
DA:42,2
DA:44,3
DA:45,5
DA:47,2
DA:49,2
DA:50,2
DA:51,2
DA:52,0
DA:53,0
DA:55,2
DA:56,2
DA:57,2
DA:59,0
DA:60,2
LF:36
LH:28
end_of_record
TN:
SF:src/arch/posix/csp_system.c
FN:16,18,csp_ps_hook
FN:20,23,csp_reboot_hook
FN:25,28,csp_shutdown_hook
FN:8,14,csp_memfree_hook
FNDA:0,csp_ps_hook
FNDA:0,csp_reboot_hook
FNDA:0,csp_shutdown_hook
FNDA:0,csp_memfree_hook
FNF:4
FNH:0
DA:8,0
DA:9,0
DA:10,0
DA:11,0
DA:12,0
DA:13,0
DA:14,0
DA:16,0
DA:17,0
DA:18,0
DA:20,0
DA:21,0
DA:22,0
DA:23,0
DA:25,0
DA:26,0
DA:28,0
LF:17
LH:0
end_of_record
TN:
SF:src/arch/posix/csp_time.c
FN:18,21,csp_get_ms_isr
FN:23,30,csp_get_s
FN:32,35,csp_get_s_isr
FN:9,16,csp_get_ms
FNDA:0,csp_get_ms_isr
FNDA:0,csp_get_s
FNDA:0,csp_get_s_isr
FNDA:83,csp_get_ms
FNF:4
FNH:1
BRDA:12,0,0,83
BRDA:12,0,1,0
BRDA:26,0,0,-
BRDA:26,0,1,-
BRF:4
BRH:1
DA:9,83
DA:11,83
DA:12,83
DA:13,83
DA:14,83
DA:15,0
DA:16,83
DA:18,0
DA:20,0
DA:21,0
DA:23,0
DA:25,0
DA:26,0
DA:27,0
DA:28,0
DA:29,0
DA:30,0
DA:32,0
DA:34,0
DA:35,0
LF:20
LH:6
end_of_record
TN:
SF:src/arch/posix/pthread_queue.c
FN:110,145,pthread_queue_enqueue
FN:147,165,pthread_queue.c:wait_item_available
FN:16,35,pthread_queue.c:get_deadline
FN:167,207,pthread_queue_dequeue
FN:209,216,pthread_queue_items
FN:218,225,pthread_queue_free
FN:227,234,pthread_queue_empty
FN:37,51,pthread_queue.c:init_cond_clock_monotonic
FN:53,77,pthread_queue_create
FN:79,88,pthread_queue_delete
FN:90,108,pthread_queue.c:wait_slot_available
FNDA:687,pthread_queue_enqueue
FNDA:149,pthread_queue.c:wait_item_available
FNDA:836,pthread_queue.c:get_deadline
FNDA:284428,pthread_queue_dequeue
FNDA:56,pthread_queue_items
FNDA:0,pthread_queue_free
FNDA:0,pthread_queue_empty
FNDA:1086,pthread_queue.c:init_cond_clock_monotonic
FNDA:543,pthread_queue_create
FNDA:0,pthread_queue_delete
FNDA:687,pthread_queue.c:wait_slot_available
FNF:11
FNH:8
BRDA:19,0,0,0
BRDA:19,0,1,836
BRDA:28,0,0,3
BRDA:28,0,1,833
BRDA:45,0,0,1086
BRDA:45,0,1,0
BRDA:57,0,0,543
BRDA:57,0,1,0
BRDA:59,0,0,543
BRDA:59,0,1,0
BRDA:65,1,0,0
BRDA:65,1,1,543
BRDA:65,2,0,0
BRDA:65,2,1,543
BRDA:65,0,0,0
BRDA:65,0,1,543
BRDA:81,0,0,-
BRDA:81,0,1,-
BRDA:94,0,0,0
BRDA:94,0,1,687
BRDA:96,0,0,-
BRDA:96,0,1,-
BRDA:102,0,0,-
BRDA:102,0,1,-
BRDA:102,1,0,-
BRDA:102,1,1,-
BRDA:117,0,0,687
BRDA:117,0,1,0
BRDA:118,0,0,0
BRDA:118,0,1,687
BRDA:130,0,0,687
BRDA:130,0,1,0
BRDA:139,0,0,687
BRDA:139,0,1,0
BRDA:151,0,0,99
BRDA:151,0,1,69
BRDA:153,0,0,99
BRDA:153,0,1,0
BRDA:159,1,0,80
BRDA:159,1,1,0
BRDA:159,0,0,80
BRDA:159,0,1,19
BRDA:173,0,0,284709
BRDA:173,0,1,4294967015
BRDA:179,0,0,149
BRDA:179,0,1,4294966866
BRDA:180,0,0,0
BRDA:180,0,1,149
BRDA:192,0,0,50
BRDA:192,0,1,4294966965
BRDA:201,0,0,50
BRDA:201,0,1,4294966965
BRF:52
BRH:29
DA:16,836
DA:17,836
DA:19,836
DA:20,0
DA:21,0
DA:23,836
DA:24,836
DA:26,836
DA:28,836
DA:29,3
DA:30,3
DA:32,836
DA:34,836
DA:35,836
DA:37,1086
DA:39,1086
DA:40,1086
DA:42,1086
DA:43,1086
DA:45,1086
DA:46,1086
DA:47,1086
DA:49,1086
DA:50,1086
DA:51,1086
DA:53,543
DA:55,543
DA:57,543
DA:58,543
DA:59,543
DA:60,543
DA:61,543
DA:62,543
DA:63,543
DA:64,543
DA:65,543
DA:66,0
DA:67,0
DA:68,0
DA:69,0
DA:70,543
DA:71,0
DA:72,0
DA:73,0
DA:74,543
DA:76,543
DA:77,543
DA:79,0
DA:81,0
DA:82,0
DA:84,0
DA:85,0
DA:87,0
DA:88,0
DA:90,687
DA:92,687
DA:94,687
DA:96,0
DA:97,0
DA:98,0
DA:99,0
DA:100,0
DA:102,0
DA:103,0
DA:104,0
DA:105,0
DA:107,687
DA:108,687
DA:110,687
DA:112,687
DA:113,687
DA:114,687
DA:117,687
DA:118,687
DA:119,0
DA:120,0
DA:121,687
DA:122,687
DA:123,0
DA:124,0
DA:127,687
DA:129,687
DA:130,687
DA:132,687
DA:133,687
DA:134,687
DA:135,687
DA:137,687
DA:139,687
DA:141,687
DA:142,687
DA:144,687
DA:145,687
DA:147,149
DA:149,149
DA:151,168
DA:153,99
DA:154,99
DA:155,99
DA:156,0
DA:157,0
DA:159,99
DA:160,80
DA:161,80
DA:162,99
DA:164,69
DA:165,149
DA:167,284428
DA:169,284428
DA:170,284428
DA:171,284428
DA:173,284858
DA:174,284709
DA:175,284709
DA:176,284709
DA:179,18446744073709551335
DA:180,149
DA:181,0
DA:182,0
DA:183,149
DA:184,18446744073709551335
DA:185,18446744073709551186
DA:186,18446744073709551186
DA:189,18446744073709551335
DA:191,18446744073709551335
DA:192,18446744073709551335
DA:194,50
DA:195,50
DA:196,50
DA:197,50
DA:199,18446744073709551335
DA:201,18446744073709551335
DA:203,50
DA:204,50
DA:206,18446744073709551335
DA:207,18446744073709551335
DA:209,56
DA:211,56
DA:212,56
DA:213,56
DA:215,56
DA:216,56
DA:218,0
DA:220,0
DA:221,0
DA:222,0
DA:224,0
DA:225,0
DA:227,0
DA:229,0
DA:230,0
DA:231,0
DA:232,0
DA:233,0
DA:234,0
LF:155
LH:109
end_of_record
TN:
SF:src/arch/posix/pthread_queue.h
FNF:0
FNH:0
DA:21,284709
DA:25,80
DA:29,0
DA:33,1427
LF:4
LH:3
end_of_record
TN:
SF:src/crypto/csp_hmac.c
FN:115,125,csp_hmac_set_key
FN:127,151,csp_hmac_append
FN:153,189,csp_hmac_verify
FN:23,52,csp_hmac.c:csp_hmac_init
FN:54,64,csp_hmac.c:csp_hmac_process
FN:66,91,csp_hmac.c:csp_hmac_done
FN:93,113,csp_hmac_memory
FNDA:0,csp_hmac_set_key
FNDA:0,csp_hmac_append
FNDA:0,csp_hmac_verify
FNDA:0,csp_hmac.c:csp_hmac_init
FNDA:0,csp_hmac.c:csp_hmac_process
FNDA:0,csp_hmac.c:csp_hmac_done
FNDA:0,csp_hmac_memory
FNF:7
FNH:0
BRDA:28,2,0,-
BRDA:28,2,1,-
BRDA:28,0,0,-
BRDA:28,0,1,-
BRDA:28,1,0,-
BRDA:28,1,1,-
BRDA:32,0,0,-
BRDA:32,0,1,-
BRDA:38,0,0,-
BRDA:38,0,1,-
BRDA:43,0,0,-
BRDA:43,0,1,-
BRDA:57,0,0,-
BRDA:57,0,1,-
BRDA:57,1,0,-
BRDA:57,1,1,-
BRDA:68,0,0,-
BRDA:68,0,1,-
BRDA:68,1,0,-
BRDA:68,1,1,-
BRDA:77,0,0,-
BRDA:77,0,1,-
BRDA:97,1,0,-
BRDA:97,1,1,-
BRDA:97,2,0,-
BRDA:97,2,1,-
BRDA:97,0,0,-
BRDA:97,0,1,-
BRDA:101,0,0,-
BRDA:101,0,1,-
BRDA:105,0,0,-
BRDA:105,0,1,-
BRDA:109,0,0,-
BRDA:109,0,1,-
BRDA:129,0,0,-
BRDA:129,0,1,-
BRDA:136,0,0,-
BRDA:136,0,1,-
BRDA:155,0,0,-
BRDA:155,0,1,-
BRDA:162,0,0,-
BRDA:162,0,1,-
BRDA:167,0,0,-
BRDA:167,0,1,-
BRDA:179,0,0,-
BRDA:179,0,1,-
BRF:46
BRH:0
DA:23,0
DA:24,0
DA:25,0
DA:28,0
DA:29,0
DA:32,0
DA:33,0
DA:34,0
DA:35,0
DA:36,0
DA:37,0
DA:38,0
DA:39,0
DA:40,0
DA:43,0
DA:44,0
DA:45,0
DA:48,0
DA:49,0
DA:51,0
DA:52,0
DA:54,0
DA:57,0
DA:58,0
DA:61,0
DA:63,0
DA:64,0
DA:66,0
DA:68,0
DA:69,0
DA:72,0
DA:73,0
DA:76,0
DA:77,0
DA:78,0
DA:79,0
DA:82,0
DA:83,0
DA:84,0
DA:85,0
DA:88,0
DA:90,0
DA:91,0
DA:93,0
DA:94,0
DA:97,0
DA:98,0
DA:101,0
DA:102,0
DA:105,0
DA:106,0
DA:109,0
DA:110,0
DA:112,0
DA:113,0
DA:115,0
DA:118,0
DA:119,0
DA:122,0
DA:124,0
DA:125,0
DA:127,0
DA:129,0
DA:130,0
DA:131,0
DA:134,0
DA:136,0
DA:139,0
DA:140,0
DA:141,0
DA:143,0
DA:145,0
DA:146,0
DA:147,0
DA:148,0
DA:150,0
DA:151,0
DA:153,0
DA:155,0
DA:156,0
DA:157,0
DA:159,0
DA:162,0
DA:164,0
DA:167,0
DA:169,0
DA:170,0
DA:173,0
DA:175,0
DA:176,0
DA:179,0
DA:181,0
DA:182,0
DA:185,0
DA:186,0
DA:188,0
DA:189,0
LF:97
LH:0
end_of_record
TN:
SF:src/crypto/csp_sha1.c
FN:138,147,csp_sha1_init
FN:149,172,csp_sha1_process
FN:174,206,csp_sha1_done
FN:208,214,csp_sha1_memory
FN:72,136,csp_sha1.c:csp_sha1_compress
FNDA:0,csp_sha1_init
FNDA:0,csp_sha1_process
FNDA:0,csp_sha1_done
FNDA:0,csp_sha1_memory
FNDA:0,csp_sha1.c:csp_sha1_compress
FNF:5
FNH:0
BRDA:77,0,0,-
BRDA:77,0,1,-
BRDA:88,0,0,-
BRDA:88,0,1,-
BRDA:95,0,0,-
BRDA:95,0,1,-
BRDA:104,0,0,-
BRDA:104,0,1,-
BRDA:113,0,0,-
BRDA:113,0,1,-
BRDA:122,0,0,-
BRDA:122,0,1,-
BRDA:153,0,0,-
BRDA:153,0,1,-
BRDA:154,0,0,-
BRDA:154,0,1,-
BRDA:154,1,0,-
BRDA:154,1,1,-
BRDA:160,0,0,-
BRDA:160,0,1,-
BRDA:165,0,0,-
BRDA:165,0,1,-
BRDA:188,0,0,-
BRDA:188,0,1,-
BRDA:189,0,0,-
BRDA:189,0,1,-
BRDA:196,0,0,-
BRDA:196,0,1,-
BRDA:204,0,0,-
BRDA:204,0,1,-
BRF:30
BRH:0
DA:10,0
DA:14,0
DA:15,0
DA:16,0
DA:17,0
DA:18,0
DA:19,0
DA:22,0
DA:23,0
DA:24,0
DA:25,0
DA:26,0
DA:27,0
DA:30,0
DA:31,0
DA:32,0
DA:33,0
DA:34,0
DA:35,0
DA:36,0
DA:37,0
DA:38,0
DA:39,0
DA:42,0
DA:46,0
DA:47,0
DA:48,0
DA:49,0
DA:52,0
DA:53,0
DA:54,0
DA:55,0
DA:57,0
DA:58,0
DA:59,0
DA:60,0
DA:62,0
DA:63,0
DA:64,0
DA:65,0
DA:67,0
DA:68,0
DA:69,0
DA:70,0
DA:72,0
DA:74,0
DA:77,0
DA:78,0
DA:81,0
DA:82,0
DA:83,0
DA:84,0
DA:85,0
DA:88,0
DA:89,0
DA:92,0
DA:95,0
DA:96,0
DA:97,0
DA:98,0
DA:99,0
DA:100,0
DA:101,0
DA:104,0
DA:105,0
DA:106,0
DA:107,0
DA:108,0
DA:109,0
DA:110,0
DA:113,0
DA:114,0
DA:115,0
DA:116,0
DA:117,0
DA:118,0
DA:119,0
DA:122,0
DA:123,0
DA:124,0
DA:125,0
DA:126,0
DA:127,0
DA:128,0
DA:131,0
DA:132,0
DA:133,0
DA:134,0
DA:135,0
DA:136,0
DA:138,0
DA:140,0
DA:141,0
DA:142,0
DA:143,0
DA:144,0
DA:145,0
DA:146,0
DA:147,0
DA:149,0
DA:151,0
DA:152,0
DA:153,0
DA:154,0
DA:155,0
DA:156,0
DA:157,0
DA:158,0
DA:159,0
DA:160,0
DA:161,0
DA:162,0
DA:163,0
DA:164,0
DA:165,0
DA:166,0
DA:167,0
DA:168,0
DA:169,0
DA:170,0
DA:171,0
DA:172,0
DA:174,0
DA:176,0
DA:179,0
DA:182,0
DA:188,0
DA:189,0
DA:190,0
DA:191,0
DA:192,0
DA:193,0
DA:196,0
DA:197,0
DA:200,0
DA:201,0
DA:204,0
DA:205,0
DA:206,0
DA:208,0
DA:210,0
DA:211,0
DA:212,0
DA:213,0
DA:214,0
LF:145
LH:0
end_of_record
TN:
SF:src/csp_bridge.c
FN:12,16,csp_bridge_set_interfaces
FN:18,22,csp_input_hook
FN:24,68,csp_bridge_work
FNDA:0,csp_bridge_set_interfaces
FNDA:0,csp_input_hook
FNDA:0,csp_bridge_work
FNF:3
FNH:0
BRDA:19,0,0,-
BRDA:19,0,1,-
BRDA:26,0,0,-
BRDA:26,0,1,-
BRDA:26,1,0,-
BRDA:26,1,1,-
BRDA:34,0,0,-
BRDA:34,0,1,-
BRDA:39,0,0,-
BRDA:39,0,1,-
BRDA:44,0,0,-
BRDA:44,0,1,-
BRDA:59,0,0,-
BRDA:59,0,1,-
BRF:14
BRH:0
DA:12,0
DA:14,0
DA:15,0
DA:16,0
DA:18,0
DA:19,0
DA:20,0
DA:21,0
DA:22,0
DA:24,0
DA:26,0
DA:27,0
DA:28,0
DA:29,0
DA:30,0
DA:33,0
DA:34,0
DA:35,0
DA:36,0
DA:38,0
DA:39,0
DA:40,0
DA:41,0
DA:42,0
DA:44,0
DA:45,0
DA:46,0
DA:47,0
DA:48,0
DA:50,0
DA:53,0
DA:54,0
DA:55,0
DA:58,0
DA:59,0
DA:60,0
DA:61,0
DA:62,0
DA:63,0
DA:66,0
DA:68,0
LF:41
LH:0
end_of_record
TN:
SF:src/csp_buffer.c
FN:106,131,csp_buffer_free
FN:133,147,csp_buffer_clone
FN:149,163,csp_buffer_refc_inc
FN:165,167,csp_buffer_remaining
FN:174,183,csp_buffer_get_always
FN:185,192,csp_buffer_get_always_isr
FN:199,201,csp_buffer_get
FN:203,205,csp_buffer_get_isr
FN:21,37,csp_buffer_init
FN:39,76,csp_buffer.c:csp_buffer_get_actual
FN:78,104,csp_buffer_free_isr
FNDA:15,csp_buffer_free
FNDA:3,csp_buffer_clone
FNDA:0,csp_buffer_refc_inc
FNDA:0,csp_buffer_remaining
FNDA:2,csp_buffer_get_always
FNDA:0,csp_buffer_get_always_isr
FNDA:54,csp_buffer_get
FNDA:0,csp_buffer_get_isr
FNDA:44,csp_buffer_init
FNDA:56,csp_buffer.c:csp_buffer_get_actual
FNDA:0,csp_buffer_free_isr
FNF:11
FNH:6
BRDA:32,0,0,660
BRDA:32,0,1,44
BRDA:43,0,0,0
BRDA:43,0,1,56
BRDA:49,0,0,0
BRDA:49,0,1,56
BRDA:55,0,0,0
BRDA:55,0,1,56
BRDA:63,0,0,0
BRDA:63,0,1,56
BRDA:68,0,0,0
BRDA:68,0,1,56
BRDA:80,0,0,-
BRDA:80,0,1,-
BRDA:87,0,0,-
BRDA:87,0,1,-
BRDA:92,0,0,-
BRDA:92,0,1,-
BRDA:97,0,0,-
BRDA:97,0,1,-
BRDA:108,0,0,3
BRDA:108,0,1,12
BRDA:115,0,0,0
BRDA:115,0,1,12
BRDA:120,0,0,0
BRDA:120,0,1,12
BRDA:125,0,0,0
BRDA:125,0,1,12
BRDA:136,0,0,0
BRDA:136,0,1,3
BRDA:141,0,0,3
BRDA:141,0,1,0
BRDA:143,0,0,0
BRDA:143,0,1,3
BRDA:151,0,0,-
BRDA:151,0,1,-
BRDA:157,0,0,-
BRDA:157,0,1,-
BRDA:176,0,0,0
BRDA:176,0,1,2
BRDA:187,0,0,-
BRDA:187,0,1,-
BRF:42
BRH:16
DA:21,44
DA:26,44
DA:27,44
DA:28,44
DA:30,44
DA:32,704
DA:33,660
DA:34,660
DA:35,660
DA:36,660
DA:37,44
DA:39,56
DA:42,56
DA:43,56
DA:44,0
DA:45,56
DA:46,56
DA:47,56
DA:49,56
DA:50,0
DA:51,0
DA:54,56
DA:55,56
DA:56,0
DA:57,0
DA:58,56
DA:59,56
DA:60,56
DA:63,56
DA:64,0
DA:65,0
DA:66,0
DA:68,56
DA:69,0
DA:70,0
DA:71,0
DA:73,56
DA:74,56
DA:75,56
DA:76,56
DA:78,0
DA:80,0
DA:82,0
DA:83,0
DA:85,0
DA:87,0
DA:88,0
DA:89,0
DA:90,0
DA:92,0
DA:93,0
DA:94,0
DA:95,0
DA:97,0
DA:98,0
DA:99,0
DA:100,0
DA:102,0
DA:103,0
DA:104,0
DA:106,15
DA:108,15
DA:110,3
DA:111,3
DA:113,12
DA:115,12
DA:116,0
DA:117,0
DA:118,0
DA:120,12
DA:121,0
DA:122,0
DA:123,0
DA:125,12
DA:126,0
DA:127,0
DA:128,0
DA:130,12
DA:131,12
DA:133,3
DA:135,3
DA:136,3
DA:137,0
DA:138,0
DA:140,3
DA:141,3
DA:142,3
DA:143,3
DA:144,3
DA:146,3
DA:147,3
DA:149,0
DA:151,0
DA:152,0
DA:153,0
DA:154,0
DA:156,0
DA:157,0
DA:158,0
DA:159,0
DA:160,0
DA:161,0
DA:163,0
DA:165,0
DA:166,0
DA:167,0
DA:174,2
DA:175,2
DA:176,2
DA:177,0
DA:180,0
DA:181,0
DA:182,2
DA:183,2
DA:185,0
DA:186,0
DA:187,0
DA:188,0
DA:189,0
DA:190,0
DA:191,0
DA:192,0
DA:199,54
DA:200,54
DA:201,54
DA:203,0
DA:204,0
DA:205,0
LF:128
LH:57
end_of_record
TN:
SF:src/csp_conn.c
FN:145,157,csp_conn.c:csp_conn_flush_rx_queue
FN:159,187,csp_conn_allocate
FN:189,207,csp_conn_new
FN:209,211,csp_close
FN:213,247,csp_conn_close
FN:24,34,csp_conn_check_timeouts
FN:249,332,csp_connect
FN:334,337,csp_conn_dport
FN:339,342,csp_conn_sport
FN:344,347,csp_conn_dst
FN:349,352,csp_conn_src
FN:354,357,csp_conn_flags
FN:36,47,csp_conn_enqueue_packet
FN:361,375,csp_conn_print_table
FN:382,401,csp_conn_print_table_str
FN:405,408,csp_conn_get_array
FN:410,420,csp_conn_is_active
FN:49,63,csp_conn_init
FN:65,87,csp_conn_find_dport
FN:89,143,csp_conn_find_existing
FNDA:75,csp_conn.c:csp_conn_flush_rx_queue
FNDA:55,csp_conn_allocate
FNDA:55,csp_conn_new
FNDA:22,csp_close
FNDA:22,csp_conn_close
FNDA:290625,csp_conn_check_timeouts
FNDA:55,csp_connect
FNDA:0,csp_conn_dport
FNDA:0,csp_conn_sport
FNDA:0,csp_conn_dst
FNDA:0,csp_conn_src
FNDA:0,csp_conn_flags
FNDA:0,csp_conn_enqueue_packet
FNDA:0,csp_conn_print_table
FNDA:0,csp_conn_print_table_str
FNDA:0,csp_conn_get_array
FNDA:0,csp_conn_is_active
FNDA:44,csp_conn_init
FNDA:0,csp_conn_find_dport
FNDA:0,csp_conn_find_existing
FNF:20
FNH:8
BRDA:26,0,0,2240008
BRDA:26,0,1,290625
BRDA:27,0,0,0
BRDA:27,0,1,2240008
BRDA:28,0,0,-
BRDA:28,0,1,-
BRDA:38,0,0,-
BRDA:38,0,1,-
BRDA:41,0,0,-
BRDA:41,0,1,-
BRDA:51,0,0,352
BRDA:51,0,1,44
BRDA:67,0,0,-
BRDA:67,0,1,-
BRDA:71,0,0,-
BRDA:71,0,1,-
BRDA:75,0,0,-
BRDA:75,0,1,-
BRDA:79,0,0,-
BRDA:79,0,1,-
BRDA:91,0,0,-
BRDA:91,0,1,-
BRDA:95,0,0,-
BRDA:95,0,1,-
BRDA:111,0,0,-
BRDA:111,0,1,-
BRDA:114,0,0,-
BRDA:114,0,1,-
BRDA:123,0,0,-
BRDA:123,0,1,-
BRDA:127,0,0,-
BRDA:127,0,1,-
BRDA:131,0,0,-
BRDA:131,0,1,-
BRDA:150,0,0,0
BRDA:150,0,1,75
BRDA:151,0,0,-
BRDA:151,0,1,-
BRDA:166,0,0,55
BRDA:166,0,1,0
BRDA:170,0,0,55
BRDA:170,0,1,0
BRDA:177,0,0,0
BRDA:177,0,1,55
BRDA:194,0,0,55
BRDA:194,0,1,0
BRDA:215,0,0,0
BRDA:215,0,1,22
BRDA:219,0,0,0
BRDA:219,0,1,22
BRDA:226,0,0,2
BRDA:226,0,1,20
BRDA:226,1,0,0
BRDA:226,1,1,20
BRDA:227,0,0,2
BRDA:227,0,1,0
BRDA:238,0,0,0
BRDA:238,0,1,20
BRDA:275,0,0,2
BRDA:275,0,1,53
BRDA:279,0,0,3
BRDA:279,0,1,52
BRDA:289,0,0,2
BRDA:289,0,1,53
BRDA:299,0,0,19
BRDA:299,0,1,36
BRDA:306,0,0,0
BRDA:306,0,1,55
BRDA:320,0,0,3
BRDA:320,0,1,52
BRDA:323,0,0,2
BRDA:323,0,1,1
BRDA:363,0,0,-
BRDA:363,0,1,-
BRDA:369,0,0,-
BRDA:369,0,1,-
BRDA:387,0,0,-
BRDA:387,0,1,-
BRDA:395,0,0,-
BRDA:395,0,1,-
BRDA:412,1,0,-
BRDA:412,1,1,-
BRDA:412,0,0,-
BRDA:412,0,1,-
BRF:84
BRH:30
DA:24,290625
DA:25,290625
DA:26,2530633
DA:27,2240008
DA:28,0
DA:29,0
DA:30,0
DA:31,0
DA:32,2240008
DA:33,290625
DA:34,290625
DA:36,0
DA:38,0
DA:39,0
DA:41,0
DA:42,0
DA:43,0
DA:44,0
DA:46,0
DA:47,0
DA:49,44
DA:51,396
DA:52,352
DA:54,352
DA:55,352
DA:56,352
DA:57,352
DA:59,352
DA:60,352
DA:61,352
DA:62,352
DA:63,44
DA:65,0
DA:67,0
DA:68,0
DA:71,0
DA:72,0
DA:75,0
DA:76,0
DA:79,0
DA:80,0
DA:83,0
DA:84,0
DA:86,0
DA:87,0
DA:89,0
DA:91,0
DA:92,0
DA:95,0
DA:96,0
DA:111,0
DA:114,0
DA:115,0
DA:120,0
DA:123,0
DA:124,0
DA:127,0
DA:128,0
DA:131,0
DA:132,0
DA:134,0
DA:139,0
DA:140,0
DA:142,0
DA:143,0
DA:145,75
DA:147,75
DA:150,75
DA:151,0
DA:152,0
DA:153,0
DA:154,0
DA:156,75
DA:157,75
DA:159,55
DA:161,55
DA:164,55
DA:165,55
DA:166,55
DA:167,55
DA:169,55
DA:170,55
DA:171,55
DA:172,55
DA:173,55
DA:174,55
DA:175,55
DA:177,55
DA:178,0
DA:179,0
DA:180,0
DA:182,55
DA:183,55
DA:184,55
DA:185,55
DA:186,55
DA:187,55
DA:189,55
DA:192,55
DA:194,55
DA:197,55
DA:198,55
DA:200,55
DA:203,55
DA:204,55
DA:206,55
DA:207,55
DA:209,22
DA:210,22
DA:211,22
DA:213,22
DA:215,22
DA:216,0
DA:217,0
DA:219,22
DA:220,0
DA:221,0
DA:222,0
DA:224,22
DA:226,22
DA:227,2
DA:228,2
DA:229,2
DA:230,2
DA:231,20
DA:234,20
DA:237,20
DA:238,20
DA:239,0
DA:240,0
DA:241,20
DA:244,20
DA:246,20
DA:247,22
DA:249,55
DA:252,55
DA:255,55
DA:262,55
DA:263,55
DA:265,55
DA:266,55
DA:267,55
DA:268,55
DA:269,55
DA:270,55
DA:271,55
DA:272,55
DA:275,55
DA:276,2
DA:277,2
DA:279,55
DA:280,3
DA:281,3
DA:282,3
DA:287,3
DA:289,55
DA:290,2
DA:291,2
DA:292,2
DA:297,2
DA:299,55
DA:300,19
DA:301,19
DA:302,19
DA:305,55
DA:306,55
DA:307,0
DA:308,0
DA:311,55
DA:312,55
DA:313,55
DA:316,55
DA:318,55
DA:320,55
DA:323,3
DA:324,2
DA:325,2
DA:326,2
DA:327,3
DA:328,53
DA:331,53
DA:332,55
DA:334,0
DA:336,0
DA:337,0
DA:339,0
DA:341,0
DA:342,0
DA:344,0
DA:346,0
DA:347,0
DA:349,0
DA:351,0
DA:352,0
DA:354,0
DA:356,0
DA:357,0
DA:361,0
DA:363,0
DA:364,0
DA:365,0
DA:366,0
DA:367,0
DA:368,0
DA:369,0
DA:370,0
DA:371,0
DA:372,0
DA:373,0
DA:374,0
DA:375,0
DA:382,0
DA:385,0
DA:387,0
DA:388,0
DA:389,0
DA:390,0
DA:391,0
DA:392,0
DA:394,0
DA:395,0
DA:396,0
DA:397,0
DA:398,0
DA:400,0
DA:401,0
DA:405,0
DA:406,0
DA:407,0
DA:408,0
DA:410,0
DA:411,0
DA:412,0
DA:414,0
DA:415,0
DA:416,0
DA:419,0
DA:420,0
LF:238
LH:120
end_of_record
TN:
SF:src/csp_conn.h
FNF:0
FNH:0
DA:30,26
DA:31,6
DA:32,4
DA:33,4
LF:4
LH:4
end_of_record
TN:
SF:src/csp_crc32.c
FN:114,143,csp_crc32_verify
FN:47,52,csp_crc32_init
FN:54,67,csp_crc32_update
FN:69,76,csp_crc32_final
FN:78,86,csp_crc32_memory
FN:88,112,csp_crc32_append
FNDA:0,csp_crc32_verify
FNDA:4,csp_crc32_init
FNDA:4,csp_crc32_update
FNDA:4,csp_crc32_final
FNDA:4,csp_crc32_memory
FNDA:4,csp_crc32_append
FNF:6
FNH:5
BRDA:49,0,0,4
BRDA:49,0,1,0
BRDA:58,0,0,4
BRDA:58,0,1,0
BRDA:59,0,0,41
BRDA:59,0,1,4
BRDA:71,0,0,4
BRDA:71,0,1,0
BRDA:92,0,0,0
BRDA:92,0,1,4
BRDA:118,0,0,-
BRDA:118,0,1,-
BRDA:128,0,0,-
BRDA:128,0,1,-
BRDA:134,0,0,-
BRDA:134,0,1,-
BRF:16
BRH:6
DA:47,4
DA:49,4
DA:50,4
DA:51,4
DA:52,4
DA:54,4
DA:56,4
DA:58,4
DA:59,45
DA:63,41
DA:64,41
DA:65,41
DA:66,4
DA:67,4
DA:69,4
DA:71,4
DA:72,4
DA:73,4
DA:75,0
DA:76,4
DA:78,4
DA:80,4
DA:82,4
DA:83,4
DA:85,4
DA:86,4
DA:88,4
DA:90,4
DA:92,4
DA:93,0
DA:94,0
DA:101,4
DA:102,4
DA:105,4
DA:108,4
DA:109,4
DA:111,4
DA:112,4
DA:114,0
DA:116,0
DA:118,0
DA:119,0
DA:120,0
DA:123,0
DA:124,0
DA:125,0
DA:128,0
DA:131,0
DA:132,0
DA:134,0
DA:135,0
DA:136,0
DA:138,0
DA:141,0
DA:142,0
DA:143,0
LF:56
LH:35
end_of_record
TN:
SF:src/csp_debug.c
FN:20,25,csp_print_func
FNDA:283927,csp_print_func
FNF:1
FNH:1
DA:20,283927
DA:21,283927
DA:22,283927
DA:23,283927
DA:25,283927
LF:5
LH:5
end_of_record
TN:
SF:src/csp_dedup.c
FN:22,48,csp_dedup_is_duplicate
FNDA:0,csp_dedup_is_duplicate
FNF:1
FNH:0
BRDA:30,0,0,-
BRDA:30,0,1,-
BRDA:32,0,0,-
BRDA:32,0,1,-
BRDA:36,0,0,-
BRDA:36,0,1,-
BRF:6
BRH:0
DA:12,0
DA:15,0
DA:22,0
DA:24,0
DA:25,0
DA:26,0
DA:29,0
DA:30,0
DA:32,0
DA:33,0
DA:34,0
DA:36,0
DA:37,0
DA:38,0
DA:39,0
DA:40,0
DA:43,0
DA:44,0
DA:45,0
DA:48,0
LF:20
LH:0
end_of_record
TN:
SF:src/csp_hex_dump.c
FN:57,59,csp_hex_dump
FN:7,55,csp_hex_dump_format
FNDA:0,csp_hex_dump
FNDA:0,csp_hex_dump_format
FNF:2
FNH:0
BRDA:13,0,0,-
BRDA:13,0,1,-
BRDA:16,0,0,-
BRDA:16,0,1,-
BRDA:20,0,0,-
BRDA:20,0,1,-
BRDA:23,0,0,-
BRDA:23,0,1,-
BRDA:25,0,0,-
BRDA:25,0,1,-
BRDA:29,0,0,-
BRDA:29,0,1,-
BRDA:40,1,0,-
BRDA:40,1,1,-
BRDA:40,0,0,-
BRDA:40,0,1,-
BRDA:48,0,0,-
BRDA:48,0,1,-
BRF:18
BRH:0
DA:7,0
DA:8,0
DA:9,0
DA:10,0
DA:13,0
DA:14,0
DA:16,0
DA:17,0
DA:20,0
DA:23,0
DA:25,0
DA:26,0
DA:29,0
DA:30,0
DA:31,0
DA:32,0
DA:33,0
DA:34,0
DA:37,0
DA:40,0
DA:41,0
DA:42,0
DA:43,0
DA:44,0
DA:45,0
DA:48,0
DA:49,0
DA:50,0
DA:51,0
DA:54,0
DA:55,0
DA:57,0
DA:58,0
DA:59,0
LF:34
LH:0
end_of_record
TN:
SF:src/csp_id.c
FN:119,137,csp_id.c:csp_id2_prepend
FN:139,166,csp_id.c:csp_id2_strip
FN:168,171,csp_id.c:csp_id2_setup_rx
FN:181,187,csp_id_prepend
FN:189,196,csp_id_strip
FN:198,206,csp_id_setup_rx
FN:208,214,csp_id_get_host_bits
FN:216,222,csp_id_get_max_nodeid
FN:224,230,csp_id_get_max_port
FN:232,243,csp_id_is_broadcast
FN:40,57,csp_id.c:csp_id1_prepend
FN:59,83,csp_id.c:csp_id1_strip
FN:85,117,csp_id.c:csp_id1_setup_rx
FNDA:0,csp_id.c:csp_id2_prepend
FNDA:0,csp_id.c:csp_id2_strip
FNDA:0,csp_id.c:csp_id2_setup_rx
FNDA:0,csp_id_prepend
FNDA:0,csp_id_strip
FNDA:0,csp_id_setup_rx
FNDA:79,csp_id_get_host_bits
FNDA:0,csp_id_get_max_nodeid
FNDA:0,csp_id_get_max_port
FNDA:0,csp_id_is_broadcast
FNDA:0,csp_id.c:csp_id1_prepend
FNDA:0,csp_id.c:csp_id1_strip
FNDA:0,csp_id.c:csp_id1_setup_rx
FNF:13
FNH:1
BRDA:61,0,0,-
BRDA:61,0,1,-
BRDA:141,0,0,-
BRDA:141,0,1,-
BRDA:182,0,0,-
BRDA:182,0,1,-
BRDA:191,0,0,-
BRDA:191,0,1,-
BRDA:199,0,0,-
BRDA:199,0,1,-
BRDA:209,0,0,56
BRDA:209,0,1,23
BRDA:217,0,0,-
BRDA:217,0,1,-
BRDA:225,0,0,-
BRDA:225,0,1,-
BRDA:235,0,0,-
BRDA:235,0,1,-
BRDA:235,1,0,-
BRDA:235,1,1,-
BRDA:239,0,0,-
BRDA:239,0,1,-
BRF:22
BRH:2
DA:22,23
DA:23,0
DA:25,0
DA:26,0
DA:27,0
DA:28,0
DA:29,0
DA:30,0
DA:31,0
DA:32,0
DA:33,0
DA:34,0
DA:35,0
DA:36,0
DA:38,0
DA:40,0
DA:43,0
DA:44,0
DA:45,0
DA:46,0
DA:47,0
DA:48,0
DA:51,0
DA:53,0
DA:54,0
DA:56,0
DA:57,0
DA:59,0
DA:61,0
DA:62,0
DA:63,0
DA:66,0
DA:67,0
DA:68,0
DA:71,0
DA:75,0
DA:76,0
DA:77,0
DA:78,0
DA:79,0
DA:80,0
DA:82,0
DA:83,0
DA:85,0
DA:86,0
DA:87,0
DA:88,0
DA:101,56
DA:102,0
DA:104,0
DA:105,0
DA:106,0
DA:107,0
DA:108,0
DA:109,0
DA:110,0
DA:111,0
DA:112,0
DA:113,0
DA:114,0
DA:115,0
DA:117,0
DA:119,0
DA:122,0
DA:123,0
DA:124,0
DA:125,0
DA:126,0
DA:127,0
DA:131,0
DA:133,0
DA:134,0
DA:136,0
DA:137,0
DA:139,0
DA:141,0
DA:142,0
DA:143,0
DA:147,0
DA:148,0
DA:149,0
DA:154,0
DA:158,0
DA:159,0
DA:160,0
DA:161,0
DA:162,0
DA:163,0
DA:165,0
DA:166,0
DA:168,0
DA:169,0
DA:170,0
DA:171,0
DA:181,0
DA:182,0
DA:183,0
DA:184,0
DA:185,0
DA:186,0
DA:187,0
DA:189,0
DA:190,0
DA:191,0
DA:192,0
DA:193,0
DA:194,0
DA:195,0
DA:196,0
DA:198,0
DA:199,0
DA:200,0
DA:201,0
DA:202,0
DA:203,0
DA:204,0
DA:205,0
DA:206,0
DA:208,79
DA:209,79
DA:210,56
DA:211,56
DA:212,23
DA:213,23
DA:214,79
DA:216,0
DA:217,0
DA:218,0
DA:219,0
DA:220,0
DA:221,0
DA:222,0
DA:224,0
DA:225,0
DA:226,0
DA:227,0
DA:228,0
DA:229,0
DA:230,0
DA:232,0
DA:233,0
DA:234,0
DA:235,0
DA:236,0
DA:237,0
DA:239,0
DA:240,0
DA:241,0
DA:242,0
DA:243,0
LF:150
LH:9
end_of_record
TN:
SF:src/csp_iflist.c
FN:104,120,csp_iflist_check_dfl
FN:122,134,csp_iflist_get_by_addr
FN:136,145,csp_iflist_get_by_name
FN:147,153,csp_iflist_get_by_index
FN:15,31,csp_iflist_is_within_subnet
FN:155,180,csp_iflist_add
FN:182,201,csp_iflist_remove
FN:203,205,csp_iflist_get
FN:207,222,csp_bytesize
FN:226,242,csp_iflist_print
FN:33,61,csp_iflist_get_by_subnet
FN:63,87,csp_iflist_get_by_isdfl
FN:89,102,csp_iflist_iterate
FNDA:0,csp_iflist_check_dfl
FNDA:0,csp_iflist_get_by_addr
FNDA:0,csp_iflist_get_by_name
FNDA:0,csp_iflist_get_by_index
FNDA:35,csp_iflist_is_within_subnet
FNDA:44,csp_iflist_add
FNDA:0,csp_iflist_remove
FNDA:0,csp_iflist_get
FNDA:0,csp_bytesize
FNDA:0,csp_iflist_print
FNDA:35,csp_iflist_get_by_subnet
FNDA:12,csp_iflist_get_by_isdfl
FNDA:0,csp_iflist_iterate
FNF:13
FNH:4
BRDA:17,0,0,0
BRDA:17,0,1,35
BRDA:25,0,0,0
BRDA:25,0,1,35
BRDA:36,0,0,35
BRDA:36,0,1,0
BRDA:44,0,0,35
BRDA:44,0,1,35
BRDA:47,0,0,0
BRDA:47,0,1,35
BRDA:52,0,0,0
BRDA:52,0,1,35
BRDA:66,0,0,12
BRDA:66,0,1,0
BRDA:74,0,0,12
BRDA:74,0,1,12
BRDA:76,0,0,0
BRDA:76,0,1,12
BRDA:92,0,0,-
BRDA:92,0,1,-
BRDA:109,0,0,-
BRDA:109,0,1,-
BRDA:114,0,0,-
BRDA:114,0,1,-
BRDA:115,0,0,-
BRDA:115,0,1,-
BRDA:125,0,0,-
BRDA:125,0,1,-
BRDA:126,0,0,-
BRDA:126,0,1,-
BRDA:138,0,0,-
BRDA:138,0,1,-
BRDA:139,0,0,-
BRDA:139,0,1,-
BRDA:149,1,0,-
BRDA:149,1,1,-
BRDA:149,0,0,-
BRDA:149,0,1,-
BRDA:157,0,0,0
BRDA:157,0,1,44
BRDA:157,1,0,0
BRDA:157,1,1,44
BRDA:164,0,0,44
BRDA:164,0,1,0
BRDA:170,0,0,-
BRDA:170,0,1,-
BRDA:171,0,0,-
BRDA:171,0,1,-
BRDA:171,1,0,-
BRDA:171,1,1,-
BRDA:184,0,0,-
BRDA:184,0,1,-
BRDA:188,0,0,-
BRDA:188,0,1,-
BRDA:192,0,0,-
BRDA:192,0,1,-
BRDA:193,0,0,-
BRDA:193,0,1,-
BRDA:210,0,0,-
BRDA:210,0,1,-
BRDA:213,0,0,-
BRDA:213,0,1,-
BRDA:231,0,0,-
BRDA:231,0,1,-
BRF:64
BRH:14
DA:15,35
DA:17,35
DA:18,0
DA:19,0
DA:21,35
DA:22,35
DA:23,35
DA:25,35
DA:26,0
DA:27,35
DA:28,35
DA:29,35
DA:31,35
DA:33,35
DA:36,35
DA:37,35
DA:40,35
DA:41,0
DA:42,0
DA:44,70
DA:47,35
DA:48,0
DA:49,0
DA:50,0
DA:52,35
DA:53,0
DA:54,0
DA:56,35
DA:57,35
DA:59,35
DA:61,35
DA:63,12
DA:66,12
DA:67,12
DA:70,12
DA:71,0
DA:72,0
DA:74,24
DA:76,12
DA:77,0
DA:78,0
DA:80,12
DA:81,12
DA:83,12
DA:85,12
DA:87,12
DA:89,0
DA:92,0
DA:93,0
DA:96,0
DA:97,0
DA:98,0
DA:100,0
DA:102,0
DA:104,0
DA:106,0
DA:109,0
DA:110,0
DA:111,0
DA:114,0
DA:115,0
DA:116,0
DA:117,0
DA:118,0
DA:119,0
DA:120,0
DA:122,0
DA:124,0
DA:125,0
DA:126,0
DA:127,0
DA:128,0
DA:129,0
DA:130,0
DA:132,0
DA:134,0
DA:136,0
DA:137,0
DA:138,0
DA:139,0
DA:140,0
DA:141,0
DA:142,0
DA:143,0
DA:144,0
DA:145,0
DA:147,0
DA:148,0
DA:149,0
DA:150,0
DA:151,0
DA:152,0
DA:153,0
DA:155,44
DA:157,44
DA:158,0
DA:159,0
DA:161,44
DA:164,44
DA:166,44
DA:167,44
DA:169,0
DA:170,0
DA:171,0
DA:172,0
DA:173,0
DA:174,0
DA:175,0
DA:177,0
DA:178,0
DA:180,44
DA:182,0
DA:184,0
DA:185,0
DA:186,0
DA:188,0
DA:189,0
DA:190,0
DA:191,0
DA:192,0
DA:193,0
DA:194,0
DA:195,0
DA:197,0
DA:198,0
DA:199,0
DA:200,0
DA:201,0
DA:203,0
DA:204,0
DA:205,0
DA:207,0
DA:208,0
DA:210,0
DA:211,0
DA:212,0
DA:213,0
DA:214,0
DA:215,0
DA:216,0
DA:217,0
DA:218,0
DA:219,0
DA:221,0
DA:222,0
DA:226,0
DA:227,0
DA:228,0
DA:229,0
DA:231,0
DA:232,0
DA:233,0
DA:234,0
DA:235,0
DA:236,0
DA:237,0
DA:238,0
DA:239,0
DA:240,0
DA:241,0
DA:242,0
LF:161
LH:39
end_of_record
TN:
SF:src/csp_init.c
FN:12,14,csp_panic
FN:24,47,csp_init
FN:49,51,csp_get_conf
FNDA:0,csp_panic
FNDA:44,csp_init
FNDA:0,csp_get_conf
FNF:3
FNH:1
BRDA:27,0,0,0
BRDA:27,0,1,44
BRDA:27,1,0,0
BRDA:27,1,1,44
BRDA:32,0,0,0
BRDA:32,0,1,44
BRF:6
BRH:3
DA:12,0
DA:13,0
DA:14,0
DA:24,44
DA:27,44
DA:28,0
DA:29,0
DA:32,44
DA:33,0
DA:34,0
DA:36,44
DA:37,44
DA:38,44
DA:39,44
DA:40,44
DA:41,44
DA:44,44
DA:45,44
DA:47,44
DA:49,0
DA:50,0
DA:51,0
LF:22
LH:12
end_of_record
TN:
SF:src/csp_io.c
FN:219,223,csp_output_hook
FN:225,283,csp_send_direct_iface
FN:24,37,csp_accept
FN:285,307,csp_send
FN:309,312,csp_send_prio
FN:314,349,csp_transaction_persistent
FN:351,362,csp_transaction_w_opts
FN:364,373,csp_recvfrom
FN:375,407,csp_sendto
FN:39,66,csp_read
FN:409,424,csp_sendto_reply
FN:69,76,csp_id_copy
FN:78,85,csp_id_clear
FN:87,217,csp_send_direct
FNDA:14,csp_output_hook
FNDA:14,csp_send_direct_iface
FNDA:15,csp_accept
FNDA:46,csp_send
FNDA:0,csp_send_prio
FNDA:37,csp_transaction_persistent
FNDA:40,csp_transaction_w_opts
FNDA:0,csp_recvfrom
FNDA:0,csp_sendto
FNDA:13,csp_read
FNDA:0,csp_sendto_reply
FNDA:124,csp_id_copy
FNDA:50,csp_id_clear
FNDA:49,csp_send_direct
FNF:14
FNH:10
BRDA:26,0,0,0
BRDA:26,0,1,15
BRDA:26,1,0,0
BRDA:26,1,1,15
BRDA:32,0,0,0
BRDA:32,0,1,15
BRDA:43,1,0,0
BRDA:43,1,1,13
BRDA:43,0,0,0
BRDA:43,0,1,13
BRDA:49,1,0,0
BRDA:49,1,1,7
BRDA:49,2,0,-
BRDA:49,2,1,-
BRDA:49,0,0,7
BRDA:49,0,1,6
BRDA:54,0,0,11
BRDA:54,0,1,2
BRDA:60,1,0,-
BRDA:60,1,1,-
BRDA:60,0,0,0
BRDA:60,0,1,2
BRDA:89,0,0,49
BRDA:89,0,1,0
BRDA:98,0,0,14
BRDA:98,0,1,35
BRDA:106,0,0,0
BRDA:106,0,1,35
BRDA:112,0,0,-
BRDA:112,0,1,-
BRDA:117,0,0,-
BRDA:117,0,1,-
BRDA:122,0,0,-
BRDA:122,0,1,-
BRDA:122,1,0,-
BRDA:122,1,1,-
BRDA:127,0,0,-
BRDA:127,0,1,-
BRDA:135,0,0,-
BRDA:135,0,1,-
BRDA:142,0,0,0
BRDA:142,0,1,35
BRDA:187,0,0,0
BRDA:187,0,1,35
BRDA:191,0,0,-
BRDA:191,0,1,-
BRDA:196,0,0,-
BRDA:196,0,1,-
BRDA:201,1,0,-
BRDA:201,1,1,-
BRDA:201,0,0,-
BRDA:201,0,1,-
BRDA:209,0,0,-
BRDA:209,0,1,-
BRDA:220,0,0,-
BRDA:220,0,1,-
BRDA:220,1,0,0
BRDA:220,1,1,14
BRDA:230,0,0,14
BRDA:230,0,1,0
BRDA:236,0,0,14
BRDA:236,0,1,0
BRDA:238,0,0,0
BRDA:238,0,1,14
BRDA:241,0,0,-
BRDA:241,0,1,-
BRDA:252,0,0,4
BRDA:252,0,1,10
BRDA:254,0,0,0
BRDA:254,0,1,4
BRDA:262,0,0,0
BRDA:262,0,1,14
BRDA:271,0,0,0
BRDA:271,0,1,14
BRDA:287,0,0,0
BRDA:287,0,1,46
BRDA:291,0,0,0
BRDA:291,0,1,46
BRDA:291,1,0,0
BRDA:291,1,1,46
BRDA:297,0,0,0
BRDA:297,0,1,46
BRDA:298,0,0,-
BRDA:298,0,1,-
BRDA:316,0,0,0
BRDA:316,0,1,37
BRDA:321,0,0,0
BRDA:321,0,1,37
BRDA:325,1,0,14
BRDA:325,1,1,0
BRDA:325,0,0,14
BRDA:325,0,1,23
BRDA:332,0,0,7
BRDA:332,0,1,30
BRDA:336,0,0,8
BRDA:336,0,1,22
BRDA:339,0,0,0
BRDA:339,0,1,22
BRDA:339,1,0,-
BRDA:339,1,1,-
BRDA:354,0,0,2
BRDA:354,0,1,38
BRDA:366,1,0,-
BRDA:366,1,1,-
BRDA:366,0,0,-
BRDA:366,0,1,-
BRDA:377,0,0,-
BRDA:377,0,1,-
BRDA:380,0,0,-
BRDA:380,0,1,-
BRDA:386,0,0,-
BRDA:386,0,1,-
BRDA:396,0,0,-
BRDA:396,0,1,-
BRDA:411,0,0,-
BRDA:411,0,1,-
BRDA:414,0,0,-
BRDA:414,0,1,-
BRDA:418,0,0,-
BRDA:418,0,1,-
BRF:120
BRH:42
DA:24,15
DA:26,15
DA:27,0
DA:28,0
DA:29,0
DA:31,15
DA:32,15
DA:33,0
DA:34,0
DA:36,15
DA:37,15
DA:39,13
DA:41,13
DA:43,13
DA:44,0
DA:45,0
DA:47,13
DA:49,13
DA:50,0
DA:51,0
DA:52,13
DA:54,13
DA:55,11
DA:56,11
DA:58,2
DA:60,2
DA:61,0
DA:62,0
DA:63,2
DA:65,2
DA:66,13
DA:69,124
DA:70,124
DA:71,124
DA:72,124
DA:73,124
DA:74,124
DA:75,124
DA:76,124
DA:78,50
DA:79,50
DA:80,50
DA:81,50
DA:82,50
DA:83,50
DA:84,50
DA:85,50
DA:87,49
DA:89,49
DA:92,49
DA:93,49
DA:94,49
DA:95,49
DA:98,49
DA:99,14
DA:100,14
DA:101,14
DA:104,35
DA:106,35
DA:108,0
DA:112,0
DA:113,0
DA:114,0
DA:117,0
DA:118,0
DA:119,0
DA:122,0
DA:123,0
DA:124,0
DA:127,0
DA:128,0
DA:129,0
DA:134,0
DA:135,0
DA:136,0
DA:137,0
DA:139,0
DA:142,35
DA:143,0
DA:144,0
DA:145,0
DA:187,35
DA:191,0
DA:192,0
DA:193,0
DA:196,0
DA:197,0
DA:198,0
DA:201,0
DA:202,0
DA:203,0
DA:208,0
DA:209,0
DA:210,0
DA:211,0
DA:213,0
DA:215,35
DA:217,35
DA:219,14
DA:220,14
DA:221,14
DA:222,14
DA:223,14
DA:225,14
DA:227,14
DA:230,14
DA:231,14
DA:232,14
DA:236,14
DA:238,14
DA:239,0
DA:241,0
DA:243,0
DA:244,0
DA:249,0
DA:252,14
DA:254,4
DA:256,0
DA:257,0
DA:258,4
DA:260,14
DA:262,14
DA:263,0
DA:264,0
DA:265,14
DA:266,14
DA:269,14
DA:271,14
DA:272,0
DA:274,14
DA:275,14
DA:277,14
DA:279,0
DA:280,0
DA:281,0
DA:282,0
DA:283,14
DA:285,46
DA:287,46
DA:288,0
DA:289,0
DA:291,46
DA:292,0
DA:293,0
DA:294,0
DA:296,46
DA:297,46
DA:298,0
DA:299,0
DA:300,0
DA:301,0
DA:302,0
DA:303,46
DA:305,46
DA:307,46
DA:309,0
DA:310,0
DA:311,0
DA:312,0
DA:314,37
DA:316,37
DA:317,0
DA:318,0
DA:320,37
DA:321,37
DA:322,0
DA:325,37
DA:326,14
DA:327,37
DA:329,37
DA:332,37
DA:333,7
DA:335,30
DA:336,30
DA:337,8
DA:339,22
DA:340,0
DA:341,0
DA:342,0
DA:343,0
DA:345,22
DA:346,22
DA:347,22
DA:348,22
DA:349,22
DA:351,40
DA:353,40
DA:354,40
DA:355,2
DA:357,38
DA:359,38
DA:361,38
DA:362,40
DA:364,0
DA:366,0
DA:367,0
DA:369,0
DA:370,0
DA:372,0
DA:373,0
DA:375,0
DA:377,0
DA:378,0
DA:380,0
DA:381,0
DA:382,0
DA:383,0
DA:384,0
DA:386,0
DA:387,0
DA:388,0
DA:394,0
DA:396,0
DA:397,0
DA:398,0
DA:400,0
DA:401,0
DA:402,0
DA:403,0
DA:405,0
DA:407,0
DA:409,0
DA:411,0
DA:412,0
DA:414,0
DA:415,0
DA:416,0
DA:417,0
DA:418,0
DA:419,0
DA:420,0
DA:421,0
DA:422,0
DA:423,0
DA:424,0
LF:235
LH:112
end_of_record
TN:
SF:src/csp_macro.h
FNF:0
FNH:0
DA:10,0
DA:14,12
LF:2
LH:1
end_of_record
TN:
SF:src/csp_port.c
FN:106,131,csp_bind_callback
FN:133,160,csp_socket_close
FN:32,54,csp_port_get_callback
FN:56,75,csp_port_get_socket
FN:77,80,csp_listen
FN:82,104,csp_bind
FNDA:0,csp_bind_callback
FNDA:0,csp_socket_close
FNDA:0,csp_port_get_callback
FNDA:0,csp_port_get_socket
FNDA:15,csp_listen
FNDA:15,csp_bind
FNF:6
FNH:2
BRDA:34,0,0,-
BRDA:34,0,1,-
BRDA:39,0,0,-
BRDA:39,0,1,-
BRDA:44,0,0,-
BRDA:44,0,1,-
BRDA:49,0,0,-
BRDA:49,0,1,-
BRDA:58,0,0,-
BRDA:58,0,1,-
BRDA:62,0,0,-
BRDA:62,0,1,-
BRDA:66,0,0,-
BRDA:66,0,1,-
BRDA:70,0,0,-
BRDA:70,0,1,-
BRDA:84,0,0,0
BRDA:84,0,1,15
BRDA:87,0,0,15
BRDA:87,0,1,0
BRDA:89,0,0,-
BRDA:89,0,1,-
BRDA:94,0,0,0
BRDA:94,0,1,15
BRDA:108,0,0,-
BRDA:108,0,1,-
BRDA:113,0,0,-
BRDA:113,0,1,-
BRDA:115,0,0,-
BRDA:115,0,1,-
BRDA:120,0,0,-
BRDA:120,0,1,-
BRDA:134,0,0,-
BRDA:134,0,1,-
BRDA:138,0,0,-
BRDA:138,0,1,-
BRDA:141,0,0,-
BRDA:141,0,1,-
BRDA:141,1,0,-
BRDA:141,1,1,-
BRDA:148,0,0,-
BRDA:148,0,1,-
BRDA:151,0,0,-
BRDA:151,0,1,-
BRDA:152,0,0,-
BRDA:152,0,1,-
BRF:46
BRH:3
DA:32,0
DA:34,0
DA:35,0
DA:36,0
DA:39,0
DA:40,0
DA:41,0
DA:44,0
DA:45,0
DA:46,0
DA:49,0
DA:50,0
DA:51,0
DA:53,0
DA:54,0
DA:56,0
DA:58,0
DA:59,0
DA:60,0
DA:62,0
DA:63,0
DA:64,0
DA:66,0
DA:67,0
DA:68,0
DA:70,0
DA:71,0
DA:72,0
DA:74,0
DA:75,0
DA:77,15
DA:78,15
DA:79,15
DA:80,15
DA:82,15
DA:84,15
DA:85,0
DA:87,15
DA:88,15
DA:89,15
DA:90,0
DA:91,0
DA:92,0
DA:94,15
DA:95,0
DA:96,0
DA:97,0
DA:100,15
DA:101,15
DA:103,15
DA:104,15
DA:106,0
DA:108,0
DA:109,0
DA:110,0
DA:111,0
DA:113,0
DA:114,0
DA:115,0
DA:116,0
DA:117,0
DA:118,0
DA:120,0
DA:121,0
DA:122,0
DA:123,0
DA:126,0
DA:127,0
DA:129,0
DA:131,0
DA:133,0
DA:134,0
DA:135,0
DA:136,0
DA:138,0
DA:139,0
DA:141,0
DA:142,0
DA:143,0
DA:144,0
DA:145,0
DA:146,0
DA:148,0
DA:149,0
DA:151,0
DA:152,0
DA:153,0
DA:154,0
DA:155,0
DA:156,0
DA:157,0
DA:159,0
DA:160,0
LF:93
LH:14
end_of_record
TN:
SF:src/csp_promisc.c
FN:13,29,csp_promisc_enable
FN:31,33,csp_promisc_disable
FN:35,44,csp_promisc_read
FN:46,61,csp_promisc_add
FNDA:0,csp_promisc_enable
FNDA:0,csp_promisc_disable
FNDA:0,csp_promisc_read
FNDA:0,csp_promisc_add
FNF:4
FNH:0
BRDA:16,0,0,-
BRDA:16,0,1,-
BRDA:24,0,0,-
BRDA:24,0,1,-
BRDA:37,0,0,-
BRDA:37,0,1,-
BRDA:48,0,0,-
BRDA:48,0,1,-
BRDA:51,0,0,-
BRDA:51,0,1,-
BRDA:54,0,0,-
BRDA:54,0,1,-
BRDA:55,0,0,-
BRDA:55,0,1,-
BRF:14
BRH:0
DA:13,0
DA:16,0
DA:17,0
DA:18,0
DA:19,0
DA:22,0
DA:24,0
DA:25,0
DA:27,0
DA:28,0
DA:29,0
DA:31,0
DA:32,0
DA:33,0
DA:35,0
DA:37,0
DA:38,0
DA:40,0
DA:41,0
DA:43,0
DA:44,0
DA:46,0
DA:48,0
DA:49,0
DA:51,0
DA:53,0
DA:54,0
DA:55,0
DA:56,0
DA:57,0
DA:58,0
DA:59,0
DA:60,0
DA:61,0
LF:34
LH:0
end_of_record
TN:
SF:src/csp_qfifo.c
FN:13,15,csp_qfifo_init
FN:17,23,csp_qfifo_read
FN:25,60,csp_qfifo_write
FN:62,65,csp_qfifo_wake_up
FNDA:44,csp_qfifo_init
FNDA:288179,csp_qfifo_read
FNDA:14,csp_qfifo_write
FNDA:0,csp_qfifo_wake_up
FNF:4
FNH:3
BRDA:19,0,0,302201
BRDA:19,0,1,4294953274
BRDA:29,0,0,0
BRDA:29,0,1,14
BRDA:34,0,0,0
BRDA:34,0,1,14
BRDA:36,0,0,-
BRDA:36,0,1,-
BRDA:47,0,0,14
BRDA:47,0,1,0
BRDA:52,0,0,0
BRDA:52,0,1,14
BRDA:55,0,0,-
BRDA:55,0,1,-
BRF:14
BRH:6
DA:13,44
DA:14,44
DA:15,44
DA:17,288179
DA:19,288179
DA:20,302201
DA:22,18446744073709537594
DA:23,288179
DA:25,14
DA:27,14
DA:29,14
DA:30,0
DA:31,0
DA:32,0
DA:34,14
DA:35,0
DA:36,0
DA:37,0
DA:38,0
DA:39,0
DA:40,0
DA:41,0
DA:43,14
DA:44,14
DA:45,14
DA:47,14
DA:48,14
DA:49,0
DA:50,0
DA:52,14
DA:53,0
DA:54,0
DA:55,0
DA:56,0
DA:57,0
DA:58,0
DA:59,0
DA:60,14
DA:62,0
DA:63,0
DA:64,0
DA:65,0
LF:42
LH:19
end_of_record
TN:
SF:src/csp_qfifo.h
FNF:0
FNH:0
DA:7,288179
LF:1
LH:1
end_of_record
TN:
SF:src/csp_rdp.c
FN:101,103,csp_rdp.c:csp_rdp_time_before
FN:106,108,csp_rdp.c:csp_rdp_time_after
FN:115,172,csp_rdp.c:csp_rdp_send_cmp
FN:178,194,csp_rdp.c:csp_rdp_send_syn
FN:196,209,csp_rdp.c:csp_rdp_receive_data
FN:211,251,csp_rdp.c:csp_rdp_rx_queue_flush
FN:253,275,csp_rdp.c:csp_rdp_seq_in_rx_queue
FN:277,286,csp_rdp.c:csp_rdp_rx_queue_add
FN:289,306,csp_rdp.c:csp_rdp_should_ack
FN:308,321,csp_rdp_check_ack
FN:323,329,csp_rdp.c:csp_rdp_is_conn_ready_for_tx
FN:337,426,csp_rdp_check_timeouts
FN:428,738,csp_rdp_new_packet
FN:56,65,csp_rdp.c:csp_rdp_header_add
FN:67,71,csp_rdp.c:csp_rdp_header_remove
FN:73,76,csp_rdp.c:csp_rdp_header_ref
FN:740,801,csp_rdp_connect
FN:803,854,csp_rdp_send
FN:81,83,csp_rdp.c:csp_rdp_seq_between
FN:856,867,csp_rdp_init
FN:86,88,csp_rdp.c:csp_rdp_seq_before
FN:873,875,csp_rdp_close
FN:877,909,csp_rdp.c:csp_rdp_close_internal
FN:91,93,csp_rdp.c:csp_rdp_seq_after
FN:919,926,csp_rdp_set_opt
FN:930,944,csp_rdp_get_opt
FN:946,963,csp_rdp_conn_is_active
FNDA:0,csp_rdp.c:csp_rdp_time_before
FNDA:0,csp_rdp.c:csp_rdp_time_after
FNDA:3,csp_rdp.c:csp_rdp_send_cmp
FNDA:3,csp_rdp.c:csp_rdp_send_syn
FNDA:0,csp_rdp.c:csp_rdp_receive_data
FNDA:0,csp_rdp.c:csp_rdp_rx_queue_flush
FNDA:0,csp_rdp.c:csp_rdp_seq_in_rx_queue
FNDA:0,csp_rdp.c:csp_rdp_rx_queue_add
FNDA:0,csp_rdp.c:csp_rdp_should_ack
FNDA:0,csp_rdp_check_ack
FNDA:0,csp_rdp.c:csp_rdp_is_conn_ready_for_tx
FNDA:0,csp_rdp_check_timeouts
FNDA:0,csp_rdp_new_packet
FNDA:3,csp_rdp.c:csp_rdp_header_add
FNDA:0,csp_rdp.c:csp_rdp_header_remove
FNDA:0,csp_rdp.c:csp_rdp_header_ref
FNDA:3,csp_rdp_connect
FNDA:0,csp_rdp_send
FNDA:0,csp_rdp.c:csp_rdp_seq_between
FNDA:352,csp_rdp_init
FNDA:0,csp_rdp.c:csp_rdp_seq_before
FNDA:2,csp_rdp_close
FNDA:4,csp_rdp.c:csp_rdp_close_internal
FNDA:0,csp_rdp.c:csp_rdp_seq_after
FNDA:0,csp_rdp_set_opt
FNDA:0,csp_rdp_get_opt
FNDA:0,csp_rdp_conn_is_active
FNF:27
FNH:7
BRDA:58,0,0,0
BRDA:58,0,1,3
BRDA:118,0,0,0
BRDA:118,0,1,3
BRDA:120,0,0,-
BRDA:120,0,1,-
BRDA:125,0,0,0
BRDA:125,0,1,3
BRDA:135,0,0,0
BRDA:135,0,1,3
BRDA:136,0,0,-
BRDA:136,0,1,-
BRDA:149,0,0,3
BRDA:149,0,1,0
BRDA:151,0,0,0
BRDA:151,0,1,3
BRDA:158,0,0,0
BRDA:158,0,1,3
BRDA:160,0,0,0
BRDA:160,0,1,3
BRDA:182,0,0,0
BRDA:182,0,1,3
BRDA:202,0,0,-
BRDA:202,0,1,-
BRDA:204,0,0,-
BRDA:204,0,1,-
BRDA:219,0,0,-
BRDA:219,0,1,-
BRDA:224,0,0,-
BRDA:224,0,1,-
BRDA:228,0,0,-
BRDA:228,0,1,-
BRDA:235,0,0,-
BRDA:235,0,1,-
BRDA:236,0,0,-
BRDA:236,0,1,-
BRDA:237,0,0,-
BRDA:237,0,1,-
BRDA:238,0,0,-
BRDA:238,0,1,-
BRDA:259,0,0,-
BRDA:259,0,1,-
BRDA:262,0,0,-
BRDA:262,0,1,-
BRDA:269,0,0,-
BRDA:269,0,1,-
BRDA:279,0,0,-
BRDA:279,0,1,-
BRDA:280,0,0,-
BRDA:280,0,1,-
BRDA:283,0,0,-
BRDA:283,0,1,-
BRDA:292,0,0,-
BRDA:292,0,1,-
BRDA:298,0,0,-
BRDA:298,0,1,-
BRDA:302,0,0,-
BRDA:302,0,1,-
BRDA:311,0,0,-
BRDA:311,0,1,-
BRDA:316,0,0,-
BRDA:316,0,1,-
BRDA:325,0,0,-
BRDA:325,0,1,-
BRDA:345,0,0,-
BRDA:345,0,1,-
BRDA:346,0,0,-
BRDA:346,0,1,-
BRDA:347,0,0,-
BRDA:347,0,1,-
BRDA:358,0,0,-
BRDA:358,0,1,-
BRDA:359,0,0,-
BRDA:359,0,1,-
BRDA:370,0,0,-
BRDA:370,0,1,-
BRDA:374,0,0,-
BRDA:374,0,1,-
BRDA:382,0,0,-
BRDA:382,0,1,-
BRDA:383,0,0,-
BRDA:383,0,1,-
BRDA:390,0,0,-
BRDA:390,0,1,-
BRDA:391,0,0,-
BRDA:391,0,1,-
BRDA:410,0,0,-
BRDA:410,0,1,-
BRDA:413,0,0,-
BRDA:413,0,1,-
BRDA:418,0,0,-
BRDA:418,0,1,-
BRDA:439,0,0,-
BRDA:439,0,1,-
BRDA:449,0,0,-
BRDA:449,0,1,-
BRDA:451,0,0,-
BRDA:451,0,1,-
BRDA:456,0,0,-
BRDA:456,0,1,-
BRDA:457,0,0,-
BRDA:457,0,1,-
BRDA:462,0,0,-
BRDA:462,0,1,-
BRDA:463,0,0,-
BRDA:463,0,1,-
BRDA:465,0,0,-
BRDA:465,0,1,-
BRDA:472,0,0,-
BRDA:472,0,1,-
BRDA:473,0,0,-
BRDA:473,0,1,-
BRDA:483,0,0,-
BRDA:483,0,1,-
BRDA:493,0,0,-
BRDA:493,0,1,-
BRDA:496,0,0,-
BRDA:496,0,1,-
BRDA:497,0,0,-
BRDA:497,0,1,-
BRDA:502,0,0,-
BRDA:502,0,1,-
BRDA:522,0,0,-
BRDA:522,0,1,-
BRDA:539,0,0,-
BRDA:539,0,1,-
BRDA:542,1,0,-
BRDA:542,1,1,-
BRDA:542,0,0,-
BRDA:542,0,1,-
BRDA:551,0,0,-
BRDA:551,0,1,-
BRDA:557,0,0,-
BRDA:557,0,1,-
BRDA:568,0,0,-
BRDA:568,0,1,-
BRDA:569,0,0,-
BRDA:569,0,1,-
BRDA:580,0,0,-
BRDA:580,0,1,-
BRDA:588,0,0,-
BRDA:588,0,1,-
BRDA:589,0,0,-
BRDA:589,0,1,-
BRDA:592,1,0,-
BRDA:592,1,1,-
BRDA:592,0,0,-
BRDA:592,0,1,-
BRDA:593,0,0,-
BRDA:593,0,1,-
BRDA:594,0,0,-
BRDA:594,0,1,-
BRDA:597,0,0,-
BRDA:597,0,1,-
BRDA:603,0,0,-
BRDA:603,0,1,-
BRDA:604,0,0,-
BRDA:604,0,1,-
BRDA:607,0,0,-
BRDA:607,0,1,-
BRDA:613,0,0,-
BRDA:613,0,1,-
BRDA:614,0,0,-
BRDA:614,0,1,-
BRDA:620,0,0,-
BRDA:620,0,1,-
BRDA:621,0,0,-
BRDA:621,0,1,-
BRDA:622,0,0,-
BRDA:622,0,1,-
BRDA:625,0,0,-
BRDA:625,0,1,-
BRDA:630,0,0,-
BRDA:630,0,1,-
BRDA:633,0,0,-
BRDA:633,0,1,-
BRDA:634,0,0,-
BRDA:634,0,1,-
BRDA:645,0,0,-
BRDA:645,0,1,-
BRDA:655,0,0,-
BRDA:655,0,1,-
BRDA:656,0,0,-
BRDA:656,0,1,-
BRDA:661,0,0,-
BRDA:661,0,1,-
BRDA:665,0,0,-
BRDA:665,0,1,-
BRDA:666,0,0,-
BRDA:666,0,1,-
BRDA:677,0,0,-
BRDA:677,0,1,-
BRDA:695,0,0,-
BRDA:695,0,1,-
BRDA:698,1,0,-
BRDA:698,1,1,-
BRDA:698,0,0,-
BRDA:698,0,1,-
BRDA:699,0,0,-
BRDA:699,0,1,-
BRDA:704,0,0,-
BRDA:704,0,1,-
BRDA:705,0,0,-
BRDA:705,0,1,-
BRDA:718,0,0,-
BRDA:718,0,1,-
BRDA:719,0,0,-
BRDA:719,0,1,-
BRDA:726,0,0,-
BRDA:726,0,1,-
BRDA:753,0,0,0
BRDA:753,0,1,3
BRDA:755,0,0,0
BRDA:755,0,1,3
BRDA:756,0,0,-
BRDA:756,0,1,-
BRDA:766,0,0,0
BRDA:766,0,1,3
BRDA:773,0,0,0
BRDA:773,0,1,3
BRDA:777,0,0,0
BRDA:777,0,1,3
BRDA:780,0,0,0
BRDA:780,0,1,3
BRDA:781,0,0,-
BRDA:781,0,1,-
BRDA:782,0,0,-
BRDA:782,0,1,-
BRDA:785,0,0,-
BRDA:785,0,1,-
BRDA:786,0,0,-
BRDA:786,0,1,-
BRDA:787,0,0,-
BRDA:787,0,1,-
BRDA:792,0,0,-
BRDA:792,0,1,-
BRDA:798,0,0,0
BRDA:798,0,1,2
BRDA:805,0,0,-
BRDA:805,0,1,-
BRDA:806,0,0,-
BRDA:806,0,1,-
BRDA:812,0,0,-
BRDA:812,0,1,-
BRDA:812,1,0,-
BRDA:812,1,1,-
BRDA:813,0,0,-
BRDA:813,0,1,-
BRDA:816,0,0,-
BRDA:816,0,1,-
BRDA:818,0,0,-
BRDA:818,0,1,-
BRDA:824,0,0,-
BRDA:824,0,1,-
BRDA:825,0,0,-
BRDA:825,0,1,-
BRDA:834,0,0,-
BRDA:834,0,1,-
BRDA:835,0,0,-
BRDA:835,0,1,-
BRDA:842,0,0,-
BRDA:842,0,1,-
BRDA:879,0,0,0
BRDA:879,0,1,4
BRDA:886,0,0,2
BRDA:886,0,1,2
BRDA:889,0,0,0
BRDA:889,0,1,2
BRDA:892,0,0,-
BRDA:892,0,1,-
BRDA:892,1,0,0
BRDA:892,1,1,2
BRDA:896,0,0,4
BRDA:896,0,1,0
BRDA:897,2,0,-
BRDA:897,2,1,-
BRDA:897,3,0,0
BRDA:897,3,1,4
BRDA:897,0,0,-
BRDA:897,0,1,-
BRDA:897,1,0,-
BRDA:897,1,1,-
BRDA:905,0,0,-
BRDA:905,0,1,-
BRDA:932,0,0,-
BRDA:932,0,1,-
BRDA:934,0,0,-
BRDA:934,0,1,-
BRDA:936,0,0,-
BRDA:936,0,1,-
BRDA:938,0,0,-
BRDA:938,0,1,-
BRDA:940,0,0,-
BRDA:940,0,1,-
BRDA:942,0,0,-
BRDA:942,0,1,-
BRDA:951,0,0,-
BRDA:951,0,1,-
BRDA:953,0,0,-
BRDA:953,0,1,-
BRDA:957,0,0,-
BRDA:957,0,1,-
BRDA:957,1,0,-
BRDA:957,1,1,-
BRF:304
BRH:23
DA:25,6
DA:26,3
DA:27,0
DA:28,0
DA:31,0
DA:56,3
DA:57,3
DA:58,3
DA:59,0
DA:60,0
DA:61,3
DA:62,3
DA:63,3
DA:64,3
DA:65,3
DA:67,0
DA:68,0
DA:69,0
DA:70,0
DA:71,0
DA:73,0
DA:74,0
DA:75,0
DA:76,0
DA:81,0
DA:82,0
DA:83,0
DA:86,0
DA:87,0
DA:88,0
DA:91,0
DA:92,0
DA:93,0
DA:101,0
DA:102,0
DA:103,0
DA:106,0
DA:107,0
DA:108,0
DA:115,3
DA:118,3
DA:119,0
DA:120,0
DA:121,0
DA:122,0
DA:123,0
DA:125,3
DA:126,0
DA:127,0
DA:131,3
DA:134,3
DA:135,3
DA:136,0
DA:137,0
DA:138,0
DA:139,0
DA:140,3
DA:141,3
DA:144,3
DA:146,3
DA:149,3
DA:150,3
DA:151,3
DA:152,3
DA:153,3
DA:154,3
DA:157,3
DA:158,3
DA:160,3
DA:161,3
DA:162,3
DA:163,3
DA:164,3
DA:165,3
DA:168,3
DA:171,3
DA:172,3
DA:178,3
DA:181,3
DA:182,3
DA:185,3
DA:186,3
DA:187,3
DA:188,3
DA:189,3
DA:190,3
DA:191,3
DA:193,3
DA:194,3
DA:196,0
DA:199,0
DA:202,0
DA:203,0
DA:204,0
DA:205,0
DA:206,0
DA:208,0
DA:209,0
DA:211,0
DA:214,0
DA:215,0
DA:217,0
DA:218,0
DA:219,0
DA:224,0
DA:225,0
DA:227,0
DA:228,0
DA:229,0
DA:230,0
DA:232,0
DA:235,0
DA:236,0
DA:237,0
DA:238,0
DA:239,0
DA:240,0
DA:241,0
DA:244,0
DA:247,0
DA:248,0
DA:249,0
DA:250,0
DA:251,0
DA:253,0
DA:256,0
DA:257,0
DA:258,0
DA:259,0
DA:261,0
DA:262,0
DA:263,0
DA:264,0
DA:266,0
DA:268,0
DA:269,0
DA:270,0
DA:271,0
DA:272,0
DA:274,0
DA:275,0
DA:277,0
DA:279,0
DA:280,0
DA:281,0
DA:282,0
DA:283,0
DA:284,0
DA:285,0
DA:286,0
DA:289,0
DA:292,0
DA:293,0
DA:294,0
DA:297,0
DA:298,0
DA:299,0
DA:302,0
DA:303,0
DA:305,0
DA:306,0
DA:308,0
DA:311,0
DA:312,0
DA:313,0
DA:316,0
DA:317,0
DA:318,0
DA:320,0
DA:321,0
DA:323,0
DA:325,0
DA:326,0
DA:327,0
DA:328,0
DA:329,0
DA:337,0
DA:339,0
DA:345,0
DA:346,0
DA:347,0
DA:348,0
DA:349,0
DA:350,0
DA:351,0
DA:352,0
DA:358,0
DA:359,0
DA:360,0
DA:361,0
DA:362,0
DA:363,0
DA:369,0
DA:370,0
DA:372,0
DA:373,0
DA:374,0
DA:375,0
DA:376,0
DA:379,0
DA:382,0
DA:383,0
DA:384,0
DA:385,0
DA:386,0
DA:387,0
DA:390,0
DA:391,0
DA:392,0
DA:395,0
DA:398,0
DA:400,0
DA:401,0
DA:402,0
DA:403,0
DA:406,0
DA:408,0
DA:410,0
DA:413,0
DA:414,0
DA:415,0
DA:418,0
DA:420,0
DA:421,0
DA:422,0
DA:424,0
DA:426,0
DA:428,0
DA:430,0
DA:433,0
DA:434,0
DA:435,0
DA:437,0
DA:439,0
DA:440,0
DA:441,0
DA:442,0
DA:443,0
DA:444,0
DA:445,0
DA:446,0
DA:449,0
DA:451,0
DA:453,0
DA:454,0
DA:456,0
DA:457,0
DA:458,0
DA:459,0
DA:460,0
DA:462,0
DA:463,0
DA:464,0
DA:465,0
DA:467,0
DA:468,0
DA:469,0
DA:470,0
DA:472,0
DA:473,0
DA:474,0
DA:475,0
DA:476,0
DA:477,0
DA:478,0
DA:479,0
DA:480,0
DA:481,0
DA:483,0
DA:484,0
DA:485,0
DA:488,0
DA:493,0
DA:496,0
DA:497,0
DA:498,0
DA:499,0
DA:500,0
DA:502,0
DA:505,0
DA:506,0
DA:507,0
DA:508,0
DA:511,0
DA:512,0
DA:513,0
DA:516,0
DA:517,0
DA:518,0
DA:519,0
DA:520,0
DA:521,0
DA:522,0
DA:523,0
DA:524,0
DA:527,0
DA:530,0
DA:532,0
DA:534,0
DA:539,0
DA:542,0
DA:544,0
DA:545,0
DA:546,0
DA:547,0
DA:548,0
DA:549,0
DA:551,0
DA:554,0
DA:557,0
DA:558,0
DA:560,0
DA:561,0
DA:568,0
DA:569,0
DA:570,0
DA:571,0
DA:573,0
DA:574,0
DA:580,0
DA:581,0
DA:583,0
DA:588,0
DA:589,0
DA:592,0
DA:593,0
DA:594,0
DA:595,0
DA:596,0
DA:597,0
DA:598,0
DA:599,0
DA:600,0
DA:603,0
DA:604,0
DA:605,0
DA:607,0
DA:608,0
DA:609,0
DA:610,0
DA:613,0
DA:614,0
DA:615,0
DA:616,0
DA:617,0
DA:620,0
DA:621,0
DA:622,0
DA:623,0
DA:624,0
DA:625,0
DA:626,0
DA:630,0
DA:633,0
DA:634,0
DA:635,0
DA:636,0
DA:641,0
DA:642,0
DA:643,0
DA:645,0
DA:648,0
DA:649,0
DA:652,0
DA:655,0
DA:656,0
DA:657,0
DA:658,0
DA:661,0
DA:662,0
DA:665,0
DA:666,0
DA:667,0
DA:668,0
DA:669,0
DA:670,0
DA:671,0
DA:674,0
DA:677,0
DA:678,0
DA:681,0
DA:686,0
DA:689,0
DA:691,0
DA:693,0
DA:695,0
DA:698,0
DA:699,0
DA:700,0
DA:701,0
DA:704,0
DA:705,0
DA:706,0
DA:707,0
DA:708,0
DA:711,0
DA:714,0
DA:716,0
DA:718,0
DA:719,0
DA:720,0
DA:721,0
DA:723,0
DA:726,0
DA:727,0
DA:728,0
DA:729,0
DA:731,0
DA:732,0
DA:734,0
DA:735,0
DA:736,0
DA:737,0
DA:738,0
DA:740,3
DA:742,3
DA:744,3
DA:745,3
DA:746,3
DA:747,3
DA:748,3
DA:749,3
DA:750,3
DA:752,3
DA:753,3
DA:755,3
DA:756,0
DA:757,0
DA:758,0
DA:761,3
DA:762,3
DA:763,3
DA:764,3
DA:766,3
DA:769,3
DA:772,3
DA:773,3
DA:774,0
DA:777,3
DA:778,3
DA:780,3
DA:781,0
DA:782,0
DA:783,0
DA:784,0
DA:785,0
DA:786,0
DA:787,0
DA:788,0
DA:789,0
DA:790,0
DA:791,0
DA:792,0
DA:793,0
DA:794,0
DA:795,0
DA:797,3
DA:798,2
DA:799,2
DA:800,2
DA:801,3
DA:803,0
DA:805,0
DA:806,0
DA:807,0
DA:808,0
DA:811,0
DA:812,0
DA:813,0
DA:814,0
DA:815,0
DA:816,0
DA:817,0
DA:818,0
DA:819,0
DA:820,0
DA:823,0
DA:824,0
DA:825,0
DA:826,0
DA:827,0
DA:828,0
DA:829,0
DA:830,0
DA:833,0
DA:834,0
DA:835,0
DA:836,0
DA:837,0
DA:839,0
DA:840,0
DA:842,0
DA:843,0
DA:844,0
DA:845,0
DA:846,0
DA:847,0
DA:848,0
DA:849,0
DA:851,0
DA:852,0
DA:853,0
DA:854,0
DA:856,352
DA:859,352
DA:860,352
DA:861,352
DA:862,352
DA:865,352
DA:867,352
DA:873,2
DA:874,2
DA:875,2
DA:877,4
DA:879,4
DA:880,0
DA:881,0
DA:883,4
DA:886,4
DA:887,2
DA:888,2
DA:889,2
DA:890,0
DA:891,0
DA:892,2
DA:893,2
DA:894,2
DA:896,4
DA:897,4
DA:898,4
DA:899,4
DA:900,4
DA:901,4
DA:902,4
DA:903,4
DA:905,0
DA:906,0
DA:907,0
DA:908,0
DA:909,4
DA:919,0
DA:920,0
DA:921,0
DA:922,0
DA:923,0
DA:924,0
DA:925,0
DA:926,0
DA:930,0
DA:932,0
DA:933,0
DA:934,0
DA:935,0
DA:936,0
DA:937,0
DA:938,0
DA:939,0
DA:940,0
DA:941,0
DA:942,0
DA:943,0
DA:944,0
DA:946,0
DA:948,0
DA:949,0
DA:951,0
DA:953,0
DA:954,0
DA:955,0
DA:957,0
DA:958,0
DA:959,0
DA:961,0
DA:963,0
LF:574
LH:106
end_of_record
TN:
SF:src/csp_rdp_queue.c
FN:101,103,csp_rdp_queue_tx_get
FN:105,107,csp_rdp_queue_rx_size
FN:109,111,csp_rdp_queue_rx_add
FN:113,115,csp_rdp_queue_rx_get
FN:35,40,csp_rdp_queue.c:csp_rdp_queue_add
FN:42,62,csp_rdp_queue.c:csp_rdp_queue_get
FN:6,33,csp_rdp_queue.c:__csp_rdp_queue_flush
FN:72,80,csp_rdp_queue_init
FN:82,91,csp_rdp_queue_flush
FN:93,95,csp_rdp_queue_tx_size
FN:97,99,csp_rdp_queue_tx_add
FNDA:0,csp_rdp_queue_tx_get
FNDA:0,csp_rdp_queue_rx_size
FNDA:0,csp_rdp_queue_rx_add
FNDA:0,csp_rdp_queue_rx_get
FNDA:3,csp_rdp_queue.c:csp_rdp_queue_add
FNDA:0,csp_rdp_queue.c:csp_rdp_queue_get
FNDA:0,csp_rdp_queue.c:__csp_rdp_queue_flush
FNDA:44,csp_rdp_queue_init
FNDA:0,csp_rdp_queue_flush
FNDA:0,csp_rdp_queue_tx_size
FNDA:3,csp_rdp_queue_tx_add
FNF:11
FNH:3
BRDA:12,0,0,-
BRDA:12,0,1,-
BRDA:16,0,0,-
BRDA:16,0,1,-
BRDA:20,0,0,-
BRDA:20,0,1,-
BRDA:25,0,0,-
BRDA:25,0,1,-
BRDA:37,0,0,0
BRDA:37,0,1,3
BRDA:46,0,0,-
BRDA:46,0,1,-
BRDA:47,0,0,-
BRDA:47,0,1,-
BRDA:52,0,0,-
BRDA:52,0,1,-
BRDA:84,0,0,-
BRDA:84,0,1,-
BRF:18
BRH:1
DA:6,0
DA:8,0
DA:9,0
DA:11,0
DA:12,0
DA:13,0
DA:15,0
DA:16,0
DA:17,0
DA:18,0
DA:20,0
DA:21,0
DA:22,0
DA:24,0
DA:25,0
DA:27,0
DA:28,0
DA:29,0
DA:30,0
DA:32,0
DA:33,0
DA:35,3
DA:36,3
DA:37,3
DA:38,0
DA:39,0
DA:40,3
DA:42,0
DA:43,0
DA:44,0
DA:46,0
DA:47,0
DA:49,0
DA:50,0
DA:52,0
DA:54,0
DA:55,0
DA:58,0
DA:59,0
DA:61,0
DA:62,0
DA:72,44
DA:75,44
DA:78,44
DA:80,44
DA:82,0
DA:84,0
DA:85,0
DA:86,0
DA:87,0
DA:88,0
DA:89,0
DA:90,0
DA:91,0
DA:93,0
DA:94,0
DA:95,0
DA:97,3
DA:98,3
DA:99,3
DA:101,0
DA:102,0
DA:103,0
DA:105,0
DA:106,0
DA:107,0
DA:109,0
DA:110,0
DA:111,0
DA:113,0
DA:114,0
DA:115,0
LF:72
LH:11
end_of_record
TN:
SF:src/csp_route.c
FN:109,293,csp_route_work
FN:29,50,csp_route.c:csp_route_check_options
FN:59,100,csp_route.c:csp_route_security_check
FNDA:289923,csp_route_work
FNDA:0,csp_route.c:csp_route_check_options
FNDA:0,csp_route.c:csp_route_security_check
FNF:3
FNH:1
BRDA:63,0,0,-
BRDA:63,0,1,-
BRDA:65,0,0,-
BRDA:65,0,1,-
BRDA:69,0,0,-
BRDA:69,0,1,-
BRDA:76,0,0,-
BRDA:76,0,1,-
BRDA:78,0,0,-
BRDA:78,0,1,-
BRDA:83,0,0,-
BRDA:83,0,1,-
BRDA:91,0,0,-
BRDA:91,0,1,-
BRDA:92,0,0,-
BRDA:92,0,1,-
BRDA:122,0,0,300894
BRDA:122,0,1,4294956325
BRDA:127,0,0,0
BRDA:127,0,1,4294956325
BRDA:139,1,0,-
BRDA:139,1,1,-
BRDA:139,0,0,4294956325
BRDA:139,0,1,0
BRDA:142,0,0,4294956325
BRDA:142,0,1,0
BRDA:143,1,0,-
BRDA:143,1,1,-
BRDA:143,0,0,-
BRDA:143,0,1,-
BRDA:144,1,0,-
BRDA:144,1,1,-
BRDA:144,0,0,-
BRDA:144,0,1,-
BRDA:145,0,0,-
BRDA:145,0,1,-
BRDA:159,0,0,0
BRDA:159,0,1,4294956325
BRDA:168,0,0,0
BRDA:168,0,1,4294956325
BRDA:177,0,0,0
BRDA:177,0,1,4294956325
BRDA:179,0,0,-
BRDA:179,0,1,-
BRDA:196,1,0,-
BRDA:196,1,1,-
BRDA:196,0,0,0
BRDA:196,0,1,4294956325
BRDA:198,0,0,-
BRDA:198,0,1,-
BRDA:203,0,0,-
BRDA:203,0,1,-
BRDA:216,0,0,0
BRDA:216,0,1,4294956325
BRDA:219,0,0,-
BRDA:219,0,1,-
BRDA:225,0,0,-
BRDA:225,0,1,-
BRDA:242,0,0,-
BRDA:242,0,1,-
BRDA:256,0,0,0
BRDA:256,0,1,4294956325
BRDA:264,0,0,0
BRDA:264,0,1,4294956325
BRDA:266,0,0,-
BRDA:266,0,1,-
BRDA:274,0,0,0
BRDA:274,0,1,4294956325
BRDA:281,0,0,0
BRDA:281,0,1,4294956325
BRDA:282,0,0,-
BRDA:282,0,1,-
BRF:72
BRH:14
DA:29,0
DA:49,0
DA:50,0
DA:59,0
DA:63,0
DA:65,0
DA:66,0
DA:67,0
DA:68,0
DA:69,0
DA:70,0
DA:71,0
DA:72,0
DA:74,0
DA:76,0
DA:78,0
DA:80,0
DA:81,0
DA:82,0
DA:83,0
DA:84,0
DA:85,0
DA:86,0
DA:87,0
DA:89,0
DA:91,0
DA:92,0
DA:93,0
DA:94,0
DA:95,0
DA:96,0
DA:97,0
DA:99,0
DA:100,0
DA:109,289923
DA:111,289923
DA:112,289923
DA:113,289923
DA:114,289923
DA:116,289923
DA:118,289923
DA:119,289923
DA:122,300896
DA:123,300894
DA:124,300894
DA:126,18446744073709540645
DA:127,18446744073709540645
DA:128,0
DA:129,0
DA:131,18446744073709540645
DA:134,18446744073709540645
DA:135,18446744073709540645
DA:139,18446744073709540645
DA:142,18446744073709540645
DA:143,18446744073709540645
DA:144,18446744073709540645
DA:145,0
DA:147,0
DA:148,0
DA:149,0
DA:150,0
DA:151,0
DA:154,18446744073709540645
DA:155,18446744073709540645
DA:156,18446744073709540645
DA:159,18446744073709540645
DA:162,0
DA:163,0
DA:165,0
DA:168,18446744073709540645
DA:169,0
DA:170,0
DA:171,0
DA:176,18446744073709540645
DA:177,18446744073709540645
DA:179,0
DA:180,0
DA:181,0
DA:182,0
DA:184,0
DA:185,0
DA:186,0
DA:193,18446744073709540645
DA:196,18446744073709540645
DA:198,0
DA:199,0
DA:200,0
DA:201,0
DA:203,0
DA:204,0
DA:205,0
DA:206,0
DA:207,0
DA:209,0
DA:210,0
DA:213,18446744073709540645
DA:216,18446744073709540645
DA:219,0
DA:220,0
DA:221,0
DA:222,0
DA:225,0
DA:226,0
DA:227,0
DA:228,0
DA:231,0
DA:232,0
DA:233,0
DA:234,0
DA:235,0
DA:236,0
DA:237,0
DA:240,0
DA:242,0
DA:243,0
DA:244,0
DA:245,0
DA:246,0
DA:249,0
DA:250,0
DA:253,18446744073709540645
DA:256,18446744073709540645
DA:257,0
DA:258,0
DA:259,0
DA:260,18446744073709540645
DA:262,18446744073709540645
DA:264,18446744073709540645
DA:265,0
DA:266,0
DA:267,0
DA:268,0
DA:269,0
DA:270,0
DA:271,18446744073709540645
DA:274,18446744073709540645
DA:275,0
DA:276,0
DA:277,0
DA:278,0
DA:281,18446744073709540645
DA:282,0
DA:283,0
DA:284,0
DA:285,0
DA:286,0
DA:289,0
DA:290,0
DA:292,18446744073709540645
DA:293,18446744073709540645
LF:150
LH:41
end_of_record
TN:
SF:src/csp_semaphore.h
FNF:0
FNH:0
DA:7,8
DA:8,2
LF:2
LH:2
end_of_record
TN:
SF:src/csp_service_handler.c
FN:119,129,csp_service_handler.c:do_cmp_peek
FN:131,141,csp_service_handler.c:do_cmp_poke
FN:143,157,csp_service_handler.c:do_cmp_peek_v2
FN:159,173,csp_service_handler.c:do_cmp_poke_v2
FN:175,196,csp_service_handler.c:do_cmp_clock
FN:199,257,csp_service_handler.c:csp_cmp_handler
FN:259,336,csp_service_handler
FN:29,31,csp_cmp_set_memcpy
FN:33,35,csp_cmp_set_memread64
FN:37,39,csp_cmp_set_memwrite64
FN:41,66,csp_service_handler.c:do_cmp_ident
FN:68,81,csp_service_handler.c:do_cmp_route_set_v1
FN:83,97,csp_service_handler.c:do_cmp_route_set_v2
FN:99,117,csp_service_handler.c:do_cmp_if_stats
FNDA:0,csp_service_handler.c:do_cmp_peek
FNDA:0,csp_service_handler.c:do_cmp_poke
FNDA:0,csp_service_handler.c:do_cmp_peek_v2
FNDA:0,csp_service_handler.c:do_cmp_poke_v2
FNDA:0,csp_service_handler.c:do_cmp_clock
FNDA:0,csp_service_handler.c:csp_cmp_handler
FNDA:0,csp_service_handler
FNDA:0,csp_cmp_set_memcpy
FNDA:0,csp_cmp_set_memread64
FNDA:0,csp_cmp_set_memwrite64
FNDA:0,csp_service_handler.c:do_cmp_ident
FNDA:0,csp_service_handler.c:do_cmp_route_set_v1
FNDA:0,csp_service_handler.c:do_cmp_route_set_v2
FNDA:0,csp_service_handler.c:do_cmp_if_stats
FNF:14
FNH:0
BRDA:71,0,0,-
BRDA:71,0,1,-
BRDA:86,0,0,-
BRDA:86,0,1,-
BRDA:102,0,0,-
BRDA:102,0,1,-
BRDA:122,0,0,-
BRDA:122,0,1,-
BRDA:134,0,0,-
BRDA:134,0,1,-
BRDA:146,0,0,-
BRDA:146,0,1,-
BRDA:149,0,0,-
BRDA:149,0,1,-
BRDA:162,0,0,-
BRDA:162,0,1,-
BRDA:165,0,0,-
BRDA:165,0,1,-
BRDA:182,0,0,-
BRDA:182,0,1,-
BRDA:185,0,0,-
BRDA:185,0,1,-
BRDA:205,0,0,-
BRDA:205,0,1,-
BRDA:209,0,0,-
BRDA:209,0,1,-
BRDA:214,0,0,-
BRDA:214,0,1,-
BRDA:219,0,0,-
BRDA:219,0,1,-
BRDA:224,0,0,-
BRDA:224,0,1,-
BRDA:229,0,0,-
BRDA:229,0,1,-
BRDA:233,0,0,-
BRDA:233,0,1,-
BRDA:237,0,0,-
BRDA:237,0,1,-
BRDA:241,0,0,-
BRDA:241,0,1,-
BRDA:245,0,0,-
BRDA:245,0,1,-
BRDA:249,0,0,-
BRDA:249,0,1,-
BRDA:263,0,0,-
BRDA:263,0,1,-
BRDA:265,0,0,-
BRDA:265,0,1,-
BRDA:271,0,0,-
BRDA:271,0,1,-
BRDA:275,0,0,-
BRDA:275,0,1,-
BRDA:277,0,0,-
BRDA:277,0,1,-
BRDA:283,0,0,-
BRDA:283,0,1,-
BRDA:295,0,0,-
BRDA:295,0,1,-
BRDA:302,0,0,-
BRDA:302,0,1,-
BRDA:304,0,0,-
BRDA:304,0,1,-
BRDA:312,0,0,-
BRDA:312,0,1,-
BRDA:320,0,0,-
BRDA:320,0,1,-
BRDA:328,0,0,-
BRDA:328,0,1,-
BRDA:333,0,0,-
BRDA:333,0,1,-
BRF:70
BRH:0
DA:29,0
DA:30,0
DA:31,0
DA:33,0
DA:34,0
DA:35,0
DA:37,0
DA:38,0
DA:39,0
DA:41,0
DA:44,0
DA:45,0
DA:47,0
DA:49,0
DA:50,0
DA:53,0
DA:54,0
DA:55,0
DA:58,0
DA:59,0
DA:62,0
DA:63,0
DA:65,0
DA:66,0
DA:68,0
DA:70,0
DA:71,0
DA:72,0
DA:73,0
DA:80,0
DA:81,0
DA:83,0
DA:85,0
DA:86,0
DA:87,0
DA:88,0
DA:96,0
DA:97,0
DA:99,0
DA:101,0
DA:102,0
DA:103,0
DA:105,0
DA:106,0
DA:107,0
DA:108,0
DA:109,0
DA:110,0
DA:111,0
DA:112,0
DA:113,0
DA:114,0
DA:116,0
DA:117,0
DA:119,0
DA:121,0
DA:122,0
DA:123,0
DA:126,0
DA:128,0
DA:129,0
DA:131,0
DA:133,0
DA:134,0
DA:135,0
DA:138,0
DA:140,0
DA:141,0
DA:143,0
DA:145,0
DA:146,0
DA:147,0
DA:149,0
DA:150,0
DA:151,0
DA:154,0
DA:156,0
DA:157,0
DA:159,0
DA:161,0
DA:162,0
DA:163,0
DA:165,0
DA:166,0
DA:167,0
DA:170,0
DA:172,0
DA:173,0
DA:175,0
DA:177,0
DA:178,0
DA:179,0
DA:181,0
DA:182,0
DA:184,0
DA:185,0
DA:186,0
DA:187,0
DA:188,0
DA:190,0
DA:192,0
DA:193,0
DA:195,0
DA:196,0
DA:199,0
DA:201,0
DA:202,0
DA:205,0
DA:206,0
DA:208,0
DA:209,0
DA:210,0
DA:211,0
DA:212,0
DA:214,0
DA:215,0
DA:216,0
DA:217,0
DA:219,0
DA:220,0
DA:221,0
DA:222,0
DA:224,0
DA:225,0
DA:226,0
DA:227,0
DA:229,0
DA:230,0
DA:231,0
DA:233,0
DA:234,0
DA:235,0
DA:237,0
DA:238,0
DA:239,0
DA:241,0
DA:242,0
DA:243,0
DA:245,0
DA:246,0
DA:247,0
DA:249,0
DA:250,0
DA:251,0
DA:252,0
DA:254,0
DA:256,0
DA:257,0
DA:259,0
DA:261,0
DA:263,0
DA:265,0
DA:266,0
DA:267,0
DA:268,0
DA:269,0
DA:271,0
DA:273,0
DA:275,0
DA:276,0
DA:277,0
DA:278,0
DA:279,0
DA:280,0
DA:281,0
DA:283,0
DA:285,0
DA:286,0
DA:288,0
DA:289,0
DA:290,0
DA:292,0
DA:293,0
DA:295,0
DA:296,0
DA:297,0
DA:299,0
DA:302,0
DA:303,0
DA:304,0
DA:305,0
DA:306,0
DA:308,0
DA:309,0
DA:310,0
DA:312,0
DA:313,0
DA:314,0
DA:315,0
DA:316,0
DA:317,0
DA:318,0
DA:320,0
DA:321,0
DA:322,0
DA:323,0
DA:324,0
DA:325,0
DA:326,0
DA:328,0
DA:329,0
DA:330,0
DA:331,0
DA:333,0
DA:334,0
DA:335,0
DA:336,0
LF:207
LH:0
end_of_record
TN:
SF:src/csp_services.c
FN:101,146,csp_ps
FN:11,68,csp_ping
FN:148,157,csp_get_memfree
FN:159,168,csp_memfree
FN:170,179,csp_get_buf_free
FN:181,190,csp_buf_free
FN:192,201,csp_get_uptime
FN:203,212,csp_uptime
FN:214,223,csp_cmp
FN:70,89,csp_ping_noreply
FN:91,94,csp_reboot
FN:96,99,csp_shutdown
FNDA:0,csp_ps
FNDA:11,csp_ping
FNDA:0,csp_get_memfree
FNDA:0,csp_memfree
FNDA:2,csp_get_buf_free
FNDA:0,csp_buf_free
FNDA:2,csp_get_uptime
FNDA:0,csp_uptime
FNDA:2,csp_cmp
FNDA:0,csp_ping_noreply
FNDA:12,csp_reboot
FNDA:0,csp_shutdown
FNF:12
FNH:5
BRDA:17,0,0,0
BRDA:17,0,1,11
BRDA:26,0,0,0
BRDA:26,0,1,11
BRDA:31,0,0,0
BRDA:31,0,1,11
BRDA:36,0,0,251
BRDA:36,0,1,11
BRDA:44,0,0,3
BRDA:44,0,1,8
BRDA:48,0,0,0
BRDA:48,0,1,8
BRDA:49,0,0,-
BRDA:49,0,1,-
BRDA:63,0,0,0
BRDA:63,0,1,3
BRDA:74,0,0,-
BRDA:74,0,1,-
BRDA:79,0,0,-
BRDA:79,0,1,-
BRDA:105,0,0,-
BRDA:105,0,1,-
BRDA:113,0,0,-
BRDA:113,0,1,-
BRDA:127,0,0,-
BRDA:127,0,1,-
BRDA:132,0,0,-
BRDA:132,0,1,-
BRDA:151,0,0,-
BRDA:151,0,1,-
BRDA:163,0,0,-
BRDA:163,0,1,-
BRDA:173,0,0,0
BRDA:173,0,1,2
BRDA:185,0,0,-
BRDA:185,0,1,-
BRDA:195,0,0,0
BRDA:195,0,1,2
BRDA:207,0,0,-
BRDA:207,0,1,-
BRDA:218,0,0,0
BRDA:218,0,1,2
BRF:42
BRH:12
DA:11,11
DA:13,11
DA:14,11
DA:17,11
DA:18,0
DA:19,0
DA:22,11
DA:25,11
DA:26,11
DA:27,0
DA:30,11
DA:31,11
DA:32,0
DA:35,11
DA:36,262
DA:37,251
DA:40,11
DA:43,11
DA:44,11
DA:45,3
DA:48,8
DA:49,0
DA:50,0
DA:51,0
DA:52,0
DA:53,8
DA:55,8
DA:57,3
DA:58,3
DA:61,3
DA:63,3
DA:64,0
DA:65,0
DA:67,3
DA:68,3
DA:70,0
DA:73,0
DA:74,0
DA:75,0
DA:78,0
DA:79,0
DA:80,0
DA:81,0
DA:82,0
DA:84,0
DA:85,0
DA:87,0
DA:88,0
DA:89,0
DA:91,12
DA:92,12
DA:93,12
DA:94,12
DA:96,0
DA:97,0
DA:98,0
DA:99,0
DA:101,0
DA:104,0
DA:105,0
DA:106,0
DA:107,0
DA:110,0
DA:113,0
DA:114,0
DA:115,0
DA:117,0
DA:118,0
DA:121,0
DA:123,0
DA:126,0
DA:127,0
DA:128,0
DA:129,0
DA:132,0
DA:133,0
DA:134,0
DA:137,0
DA:138,0
DA:140,0
DA:143,0
DA:144,0
DA:145,0
DA:146,0
DA:148,0
DA:150,0
DA:151,0
DA:152,0
DA:153,0
DA:154,0
DA:155,0
DA:156,0
DA:157,0
DA:159,0
DA:161,0
DA:162,0
DA:163,0
DA:164,0
DA:165,0
DA:166,0
DA:167,0
DA:168,0
DA:170,2
DA:172,2
DA:173,2
DA:174,0
DA:175,0
DA:176,0
DA:177,2
DA:178,2
DA:179,2
DA:181,0
DA:183,0
DA:184,0
DA:185,0
DA:186,0
DA:187,0
DA:188,0
DA:189,0
DA:190,0
DA:192,2
DA:194,2
DA:195,2
DA:196,0
DA:197,0
DA:198,0
DA:199,2
DA:200,2
DA:201,2
DA:203,0
DA:205,0
DA:206,0
DA:207,0
DA:208,0
DA:209,0
DA:210,0
DA:211,0
DA:212,0
DA:214,2
DA:215,2
DA:216,2
DA:217,2
DA:218,2
DA:219,0
DA:220,0
DA:222,2
DA:223,2
LF:147
LH:48
end_of_record
TN:
SF:src/csp_sfp.c
FN:22,27,csp_sfp.c:csp_sfp_header_add
FN:29,49,csp_sfp.c:csp_sfp_header_remove
FN:51,96,csp_sfp_send_own_memcpy
FN:98,191,csp_sfp_recv_fp
FNDA:0,csp_sfp.c:csp_sfp_header_add
[...]
DA:61,0
DA:62,0
DA:63,0
DA:64,0
DA:65,0
DA:67,0
DA:68,0
DA:69,0
DA:70,0
DA:71,0
DA:73,0
DA:74,0
DA:75,0
DA:76,0
DA:77,0
DA:78,0
DA:79,0
DA:80,0
DA:81,0
DA:82,0
DA:83,0
DA:84,0
DA:85,0
DA:86,0
DA:87,0
DA:88,0
DA:89,0
DA:90,0
DA:91,0
DA:92,0
DA:93,0
DA:94,0
DA:95,0
DA:96,0
DA:97,0
DA:98,0
DA:99,0
DA:100,0
DA:101,0
DA:102,0
DA:103,0
DA:104,0
DA:105,0
DA:106,0
DA:107,0
DA:108,0
DA:109,0
DA:110,0
DA:111,0
DA:112,0
DA:113,0
DA:114,0
DA:115,0
DA:116,0
DA:117,0
DA:118,0
DA:119,0
DA:120,0
DA:121,0
DA:122,0
DA:123,0
DA:124,0
DA:125,0
DA:126,0
DA:127,0
DA:128,0
DA:129,0
DA:130,0
DA:131,0
DA:132,0
DA:133,0
DA:134,0
DA:135,0
DA:137,0
DA:138,0
DA:139,0
DA:140,0
DA:141,0
DA:143,0
DA:144,0
DA:145,0
DA:146,0
DA:147,0
DA:148,0
DA:149,0
DA:150,0
DA:151,0
DA:152,0
DA:153,0
DA:154,0
DA:155,0
DA:156,0
DA:158,0
DA:159,0
DA:160,0
DA:161,0
DA:162,0
DA:163,0
DA:166,0
DA:167,0
DA:168,0
DA:169,0
DA:170,0
DA:172,0
DA:173,0
DA:174,0
DA:175,0
DA:176,0
DA:177,0
DA:178,0
DA:179,0
DA:180,0
DA:181,0
DA:182,0
DA:183,0
DA:185,0
DA:186,0
DA:187,0
DA:188,0
DA:189,0
DA:190,0
DA:191,0
DA:192,0
DA:193,0
DA:194,0
DA:195,0
DA:196,0
DA:197,0
DA:198,0
DA:199,0
DA:200,0
DA:201,0
DA:202,0
DA:203,0
DA:205,0
DA:206,0
DA:207,0
DA:209,0
DA:210,0
LF:167
LH:0
end_of_record
TN:
SF:src/interfaces/csp_if_can.c
FN:168,262,csp_can1_tx
FN:264,366,csp_can2_rx
FN:368,460,csp_can2_tx
FN:46,166,csp_can1_rx
FN:462,484,csp_can_add_interface
FN:486,495,csp_can_remove_interface
FN:497,503,csp_can_rx
FNDA:0,csp_can1_tx
FNDA:0,csp_can2_rx
FNDA:0,csp_can2_tx
FNDA:0,csp_can1_rx
FNDA:0,csp_can_add_interface
FNDA:0,csp_can_remove_interface
FNDA:0,csp_can_rx
FNF:7
FNH:0
BRDA:60,0,0,-
BRDA:60,0,1,-
BRDA:61,0,0,-
BRDA:61,0,1,-
BRDA:74,0,0,-
BRDA:74,0,1,-
BRDA:77,0,0,-
BRDA:77,0,1,-
BRDA:95,0,0,-
BRDA:95,0,1,-
BRDA:112,0,0,-
BRDA:112,0,1,-
BRDA:115,0,0,-
BRDA:115,0,1,-
BRDA:126,0,0,-
BRDA:126,0,1,-
BRDA:138,0,0,-
BRDA:138,0,1,-
BRDA:147,0,0,-
BRDA:147,0,1,-
BRDA:159,0,0,-
BRDA:159,0,1,-
BRDA:171,0,0,-
BRDA:171,0,1,-
BRDA:182,0,0,-
BRDA:182,0,1,-
BRDA:215,0,0,-
BRDA:215,0,1,-
BRDA:224,0,0,-
BRDA:224,0,1,-
BRDA:231,0,0,-
BRDA:231,0,1,-
BRDA:239,0,0,-
BRDA:239,0,1,-
BRDA:252,0,0,-
BRDA:252,0,1,-
BRDA:270,0,0,-
BRDA:270,0,1,-
BRDA:271,0,0,-
BRDA:271,0,1,-
BRDA:281,0,0,-
BRDA:281,0,1,-
BRDA:284,0,0,-
BRDA:284,0,1,-
BRDA:322,0,0,-
BRDA:322,0,1,-
BRDA:335,0,0,-
BRDA:335,0,1,-
BRDA:347,0,0,-
BRDA:347,0,1,-
BRDA:353,0,0,-
BRDA:353,0,1,-
BRDA:371,0,0,-
BRDA:371,0,1,-
BRDA:408,0,0,-
BRDA:408,0,1,-
BRDA:414,0,0,-
BRDA:414,0,1,-
BRDA:419,0,0,-
BRDA:419,0,1,-
BRDA:427,0,0,-
BRDA:427,0,1,-
BRDA:439,0,0,-
BRDA:439,0,1,-
BRDA:442,0,0,-
BRDA:442,0,1,-
BRDA:447,0,0,-
BRDA:447,0,1,-
BRDA:464,0,0,-
BRDA:464,0,1,-
BRDA:464,2,0,-
BRDA:464,2,1,-
BRDA:464,1,0,-
BRDA:464,1,1,-
BRDA:469,0,0,-
BRDA:469,0,1,-
BRDA:475,0,0,-
BRDA:475,0,1,-
BRDA:488,0,0,-
BRDA:488,0,1,-
BRDA:498,0,0,-
BRDA:498,0,1,-
BRF:82
BRH:0
DA:25,0
DA:30,0
DA:31,0
DA:32,0
DA:33,0
DA:34,0
DA:35,0
DA:46,0
DA:56,0
DA:59,0
DA:60,0
DA:61,0
DA:62,0
DA:63,0
DA:64,0
DA:65,0
DA:66,0
DA:67,0
DA:70,0
DA:72,0
DA:74,0
DA:77,0
DA:78,0
DA:79,0
DA:80,0
DA:81,0
DA:82,0
DA:84,0
DA:87,0
DA:88,0
DA:91,0
DA:92,0
DA:95,0
DA:96,0
DA:97,0
DA:98,0
DA:99,0
DA:102,0
DA:105,0
DA:108,0
DA:112,0
DA:115,0
DA:116,0
DA:117,0
DA:118,0
DA:119,0
DA:120,0
DA:123,0
DA:126,0
DA:127,0
DA:128,0
DA:129,0
DA:130,0
DA:131,0
DA:134,0
DA:135,0
DA:138,0
DA:139,0
DA:142,0
DA:143,0
DA:144,0
DA:147,0
DA:148,0
DA:149,0
DA:152,0
DA:155,0
DA:157,0
DA:159,0
DA:160,0
DA:161,0
DA:162,0
DA:163,0
DA:165,0
DA:166,0
DA:168,0
DA:171,0
DA:172,0
DA:173,0
DA:174,0
DA:176,0
DA:179,0
DA:182,0
DA:184,0
DA:185,0
DA:186,0
DA:192,0
DA:193,0
DA:194,0
DA:195,0
DA:196,0
DA:207,0
DA:208,0
DA:211,0
DA:212,0
DA:215,0
DA:216,0
DA:219,0
DA:221,0
DA:224,0
DA:225,0
DA:227,0
DA:228,0
DA:231,0
DA:239,0
DA:242,0
DA:243,0
DA:244,0
DA:245,0
DA:246,0
DA:249,0
DA:252,0
DA:253,0
DA:255,0
DA:256,0
DA:257,0
DA:259,0
DA:261,0
DA:262,0
DA:264,0
DA:266,0
DA:269,0
DA:270,0
DA:271,0
DA:272,0
DA:273,0
DA:274,0
DA:275,0
DA:276,0
DA:277,0
DA:281,0
DA:284,0
DA:285,0
DA:286,0
DA:287,0
DA:288,0
DA:289,0
DA:291,0
DA:297,0
DA:298,0
DA:299,0
DA:302,0
DA:304,0
DA:305,0
DA:308,0
DA:309,0
DA:312,0
DA:315,0
DA:317,0
DA:322,0
DA:323,0
DA:324,0
DA:325,0
DA:326,0
DA:327,0
DA:331,0
DA:332,0
DA:335,0
DA:336,0
DA:337,0
DA:338,0
DA:339,0
DA:340,0
DA:343,0
DA:344,0
DA:347,0
DA:350,0
DA:353,0
DA:354,0
DA:355,0
DA:358,0
DA:361,0
DA:363,0
DA:365,0
DA:366,0
DA:368,0
DA:371,0
DA:372,0
DA:373,0
DA:374,0
DA:376,0
DA:379,0
DA:380,0
DA:382,0
DA:383,0
DA:386,0
DA:387,0
DA:388,0
DA:389,0
DA:390,0
DA:393,0
DA:394,0
DA:395,0
DA:397,0
DA:398,0
DA:399,0
DA:400,0
DA:403,0
DA:405,0
DA:408,0
DA:409,0
DA:410,0
DA:411,0
DA:414,0
DA:415,0
DA:416,0
DA:419,0
DA:420,0
DA:422,0
DA:423,0
DA:426,0
DA:427,0
DA:430,0
DA:431,0
DA:432,0
DA:433,0
DA:436,0
DA:439,0
DA:442,0
DA:443,0
DA:444,0
DA:447,0
DA:448,0
DA:450,0
DA:451,0
DA:454,0
DA:455,0
DA:457,0
DA:459,0
DA:460,0
DA:462,0
DA:464,0
DA:465,0
DA:466,0
DA:468,0
DA:469,0
DA:470,0
DA:471,0
DA:473,0
DA:475,0
DA:476,0
DA:477,0
DA:478,0
DA:479,0
DA:481,0
DA:483,0
DA:484,0
DA:486,0
DA:488,0
DA:489,0
DA:490,0
DA:492,0
DA:494,0
DA:495,0
DA:497,0
DA:498,0
DA:499,0
DA:500,0
DA:501,0
DA:502,0
DA:503,0
LF:260
LH:0
end_of_record
TN:
SF:src/interfaces/csp_if_can_pbuf.c
FN:13,44,csp_can_pbuf_free
FN:46,63,csp_can_pbuf_new
FN:65,96,csp_can_pbuf_cleanup
FN:98,112,csp_can_pbuf_find
FNDA:0,csp_can_pbuf_free
FNDA:0,csp_can_pbuf_new
FNDA:0,csp_can_pbuf_cleanup
FNDA:0,csp_can_pbuf_find
FNF:4
FNH:0
BRDA:18,0,0,-
BRDA:18,0,1,-
BRDA:21,0,0,-
BRDA:21,0,1,-
BRDA:24,0,0,-
BRDA:24,0,1,-
BRDA:30,0,0,-
BRDA:30,0,1,-
BRDA:31,0,0,-
BRDA:31,0,1,-
BRDA:50,0,0,-
BRDA:50,0,1,-
BRDA:52,0,0,-
BRDA:52,0,1,-
BRDA:67,0,0,-
BRDA:67,0,1,-
BRDA:72,0,0,-
BRDA:72,0,1,-
BRDA:75,0,0,-
BRDA:75,0,1,-
BRDA:78,0,0,-
BRDA:78,0,1,-
BRDA:84,0,0,-
BRDA:84,0,1,-
BRDA:101,0,0,-
BRDA:101,0,1,-
BRDA:103,0,0,-
BRDA:103,0,1,-
BRDA:104,0,0,-
BRDA:104,0,1,-
BRF:30
BRH:0
DA:11,0
DA:13,0
DA:15,0
DA:16,0
DA:18,0
DA:21,0
DA:24,0
DA:25,0
DA:26,0
DA:27,0
DA:28,0
DA:30,0
DA:31,0
DA:32,0
DA:33,0
DA:34,0
DA:35,0
DA:36,0
DA:38,0
DA:40,0
DA:41,0
DA:42,0
DA:44,0
DA:46,0
DA:48,0
DA:50,0
DA:52,0
DA:54,0
DA:55,0
DA:56,0
DA:59,0
DA:60,0
DA:62,0
DA:63,0
DA:65,0
DA:67,0
DA:69,0
DA:70,0
DA:72,0
DA:75,0
DA:78,0
DA:79,0
DA:80,0
DA:81,0
DA:82,0
DA:84,0
DA:85,0
DA:86,0
DA:87,0
DA:88,0
DA:90,0
DA:92,0
DA:93,0
DA:94,0
DA:96,0
DA:98,0
DA:100,0
DA:101,0
DA:103,0
DA:104,0
DA:105,0
DA:106,0
DA:107,0
DA:108,0
DA:110,0
DA:112,0
LF:66
LH:0
end_of_record
TN:
SF:src/interfaces/csp_if_eth.c
FN:121,130,csp_eth_arp_get_addr
FN:132,238,csp_eth_rx
FN:240,287,csp_eth_tx
FN:25,35,csp_eth_pack_header
FN:39,58,csp_if_eth_unpack_header
FN:71,78,arp_alloc
FN:81,90,arp_print
FN:93,118,csp_eth_arp_set_addr
FNDA:0,csp_eth_arp_get_addr
FNDA:0,csp_eth_rx
FNDA:0,csp_eth_tx
FNDA:0,csp_eth_pack_header
FNDA:0,csp_if_eth_unpack_header
FNDA:0,arp_alloc
FNDA:0,arp_print
FNDA:0,csp_eth_arp_set_addr
FNF:8
FNH:0
BRDA:27,0,0,-
BRDA:27,0,1,-
BRDA:41,0,0,-
BRDA:41,0,1,-
BRDA:42,0,0,-
BRDA:42,0,1,-
BRDA:43,0,0,-
BRDA:43,0,1,-
BRDA:73,0,0,-
BRDA:73,0,1,-
BRDA:83,0,0,-
BRDA:83,0,1,-
BRDA:85,0,0,-
BRDA:85,0,1,-
BRDA:95,0,0,-
BRDA:95,0,1,-
BRDA:97,0,0,-
BRDA:97,0,1,-
BRDA:106,0,0,-
BRDA:106,0,1,-
BRDA:111,0,0,-
BRDA:111,0,1,-
BRDA:122,0,0,-
BRDA:122,0,1,-
BRDA:123,0,0,-
BRDA:123,0,1,-
BRDA:136,0,0,-
BRDA:136,0,1,-
BRDA:139,0,0,-
BRDA:139,0,1,-
BRDA:144,0,0,-
BRDA:144,0,1,-
BRDA:155,0,0,-
BRDA:155,0,1,-
BRDA:155,1,0,-
BRDA:155,1,1,-
BRDA:161,0,0,-
BRDA:161,0,1,-
BRDA:167,0,0,-
BRDA:167,0,1,-
BRDA:174,1,0,-
BRDA:174,1,1,-
BRDA:174,0,0,-
BRDA:174,0,1,-
BRDA:182,0,0,-
BRDA:182,0,1,-
BRDA:188,0,0,-
BRDA:188,0,1,-
BRDA:195,0,0,-
BRDA:195,0,1,-
BRDA:202,0,0,-
BRDA:202,0,1,-
BRDA:213,0,0,-
BRDA:213,0,1,-
BRDA:219,0,0,-
BRDA:219,0,1,-
BRDA:222,0,0,-
BRDA:222,0,1,-
BRDA:229,1,0,-
BRDA:229,1,1,-
BRDA:229,0,0,-
BRDA:229,0,1,-
BRDA:231,0,0,-
BRDA:231,0,1,-
BRDA:245,0,0,-
BRDA:245,0,1,-
BRDA:256,0,0,-
BRDA:256,0,1,-
BRDA:262,0,0,-
BRDA:262,0,1,-
BRDA:274,0,0,-
BRDA:274,0,1,-
BRDA:280,0,0,-
BRDA:280,0,1,-
BRF:74
BRH:0
DA:25,0
DA:27,0
DA:29,0
DA:30,0
DA:31,0
DA:32,0
DA:34,0
DA:35,0
DA:39,0
DA:41,0
DA:42,0
DA:43,0
DA:45,0
DA:46,0
DA:47,0
DA:49,0
DA:50,0
DA:58,0
DA:71,0
DA:73,0
DA:74,0
DA:75,0
DA:76,0
DA:78,0
DA:81,0
DA:82,0
DA:83,0
DA:84,0
DA:85,0
DA:86,0
DA:87,0
DA:88,0
DA:89,0
DA:90,0
DA:93,0
DA:94,0
DA:95,0
DA:96,0
DA:97,0
DA:99,0
DA:100,0
DA:101,0
DA:104,0
DA:106,0
DA:107,0
DA:108,0
DA:109,0
DA:111,0
DA:112,0
DA:113,0
DA:114,0
DA:115,0
DA:116,0
DA:118,0
DA:121,0
DA:122,0
DA:123,0
DA:124,0
DA:125,0
DA:126,0
DA:127,0
DA:129,0
DA:130,0
DA:132,0
DA:134,0
DA:136,0
DA:139,0
DA:140,0
DA:141,0
DA:142,0
DA:144,0
DA:145,0
DA:146,0
DA:147,0
DA:150,0
DA:151,0
DA:152,0
DA:153,0
DA:155,0
DA:156,0
DA:157,0
DA:158,0
DA:159,0
DA:161,0
DA:162,0
DA:163,0
DA:164,0
DA:165,0
DA:167,0
DA:168,0
DA:169,0
DA:170,0
DA:171,0
DA:172,0
DA:174,0
DA:175,0
DA:176,0
DA:177,0
DA:178,0
DA:180,0
DA:182,0
DA:183,0
DA:184,0
DA:185,0
DA:186,0
DA:188,0
DA:190,0
DA:191,0
DA:192,0
DA:193,0
DA:195,0
DA:196,0
DA:197,0
DA:198,0
DA:199,0
DA:200,0
DA:202,0
DA:203,0
DA:204,0
DA:205,0
DA:206,0
DA:207,0
DA:209,0
DA:210,0
DA:213,0
DA:214,0
DA:215,0
DA:217,0
DA:219,0
DA:220,0
DA:221,0
DA:222,0
DA:223,0
DA:224,0
DA:227,0
DA:229,0
DA:230,0
DA:231,0
DA:232,0
DA:233,0
DA:235,0
DA:237,0
DA:238,0
DA:240,0
DA:242,0
DA:245,0
DA:246,0
DA:247,0
DA:248,0
DA:250,0
DA:252,0
DA:253,0
DA:254,0
DA:256,0
DA:258,0
DA:260,0
DA:261,0
DA:262,0
DA:263,0
DA:264,0
DA:266,0
DA:267,0
DA:268,0
DA:270,0
DA:272,0
DA:274,0
DA:275,0
DA:277,0
DA:278,0
DA:280,0
DA:282,0
DA:283,0
DA:285,0
DA:286,0
DA:287,0
LF:175
LH:0
end_of_record
TN:
SF:src/interfaces/csp_if_eth_pbuf.c
FN:12,42,csp_eth_pbuf_free
FN:44,62,csp_eth_pbuf_new
FN:64,93,csp_eth_pbuf_cleanup
FN:95,111,csp_eth_pbuf_find
FNDA:0,csp_eth_pbuf_free
FNDA:0,csp_eth_pbuf_new
FNDA:0,csp_eth_pbuf_cleanup
FNDA:0,csp_eth_pbuf_find
FNF:4
FNH:0
BRDA:17,0,0,-
BRDA:17,0,1,-
BRDA:20,0,0,-
BRDA:20,0,1,-
BRDA:23,0,0,-
BRDA:23,0,1,-
BRDA:29,0,0,-
BRDA:29,0,1,-
BRDA:30,0,0,-
BRDA:30,0,1,-
BRDA:48,0,0,-
BRDA:48,0,1,-
BRDA:49,0,0,-
BRDA:49,0,1,-
BRDA:69,0,0,-
BRDA:69,0,1,-
BRDA:72,0,0,-
BRDA:72,0,1,-
BRDA:75,0,0,-
BRDA:75,0,1,-
BRDA:81,0,0,-
BRDA:81,0,1,-
BRDA:97,0,0,-
BRDA:97,0,1,-
BRDA:100,0,0,-
BRDA:100,0,1,-
BRDA:102,0,0,-
BRDA:102,0,1,-
BRF:28
BRH:0
DA:10,0
DA:12,0
DA:14,0
DA:15,0
DA:17,0
DA:20,0
DA:23,0
DA:24,0
DA:25,0
DA:26,0
DA:27,0
DA:29,0
DA:30,0
DA:31,0
DA:32,0
DA:33,0
DA:34,0
DA:35,0
DA:36,0
DA:38,0
DA:39,0
DA:40,0
DA:42,0
DA:44,0
DA:46,0
DA:48,0
DA:49,0
DA:50,0
DA:51,0
DA:53,0
DA:54,0
DA:55,0
DA:58,0
DA:59,0
DA:61,0
DA:62,0
DA:64,0
DA:66,0
DA:67,0
DA:69,0
DA:72,0
DA:75,0
DA:76,0
DA:77,0
DA:78,0
DA:79,0
DA:81,0
DA:82,0
DA:83,0
DA:84,0
DA:85,0
DA:87,0
DA:89,0
DA:90,0
DA:91,0
DA:93,0
DA:95,0
DA:97,0
DA:99,0
DA:100,0
DA:102,0
DA:103,0
DA:104,0
DA:105,0
DA:106,0
DA:107,0
DA:109,0
DA:111,0
LF:68
LH:0
end_of_record
TN:
SF:src/interfaces/csp_if_i2c.c
FN:34,54,csp_i2c_rx
FN:56,72,csp_i2c_add_interface
FN:7,27,csp_i2c_tx
FNDA:0,csp_i2c_rx
FNDA:0,csp_i2c_add_interface
FNDA:0,csp_i2c_tx
FNF:3
FNH:0
BRDA:10,0,0,-
BRDA:10,0,1,-
BRDA:19,0,0,-
BRDA:19,0,1,-
BRDA:37,0,0,-
BRDA:37,0,1,-
BRDA:41,0,0,-
BRDA:41,0,1,-
BRDA:43,0,0,-
BRDA:43,0,1,-
BRDA:58,1,0,-
BRDA:58,1,1,-
BRDA:58,2,0,-
BRDA:58,2,1,-
BRDA:58,0,0,-
BRDA:58,0,1,-
BRDA:63,0,0,-
BRDA:63,0,1,-
BRF:18
BRH:0
DA:7,0
DA:10,0
DA:11,0
DA:12,0
DA:13,0
DA:16,0
DA:19,0
DA:22,0
DA:25,0
DA:26,0
DA:27,0
DA:34,0
DA:37,0
DA:38,0
DA:39,0
DA:41,0
DA:42,0
DA:43,0
DA:44,0
DA:45,0
DA:50,0
DA:53,0
DA:54,0
DA:56,0
DA:58,0
DA:59,0
DA:60,0
DA:62,0
DA:63,0
DA:64,0
DA:65,0
DA:67,0
DA:69,0
DA:71,0
DA:72,0
LF:35
LH:0
end_of_record
TN:
SF:src/interfaces/csp_if_kiss.c
FN:190,211,csp_kiss_add_interface
FN:23,66,csp_kiss_tx
FN:71,188,csp_kiss_rx
FNDA:0,csp_kiss_add_interface
FNDA:0,csp_kiss_tx
FNDA:0,csp_kiss_rx
FNF:3
FNH:0
BRDA:45,0,0,-
BRDA:45,0,1,-
BRDA:46,0,0,-
BRDA:46,0,1,-
BRDA:50,0,0,-
BRDA:50,0,1,-
BRDA:75,0,0,-
BRDA:75,0,1,-
BRDA:81,1,0,-
BRDA:81,1,1,-
BRDA:81,0,0,-
BRDA:81,0,1,-
BRDA:87,0,0,-
BRDA:87,0,1,-
BRDA:89,0,0,-
BRDA:89,0,1,-
BRDA:92,0,0,-
BRDA:92,0,1,-
BRDA:97,0,0,-
BRDA:97,0,1,-
BRDA:98,0,0,-
BRDA:98,0,1,-
BRDA:102,0,0,-
BRDA:102,0,1,-
BRDA:115,0,0,-
BRDA:115,0,1,-
BRDA:118,0,0,-
BRDA:118,0,1,-
BRDA:124,0,0,-
BRDA:124,0,1,-
BRDA:127,0,0,-
BRDA:127,0,1,-
BRDA:130,0,0,-
BRDA:130,0,1,-
BRDA:137,0,0,-
BRDA:137,0,1,-
BRDA:155,0,0,-
BRDA:155,0,1,-
BRDA:165,0,0,-
BRDA:165,0,1,-
BRDA:168,0,0,-
BRDA:168,0,1,-
BRDA:172,0,0,-
BRDA:172,0,1,-
BRDA:179,0,0,-
BRDA:179,0,1,-
BRDA:182,0,0,-
BRDA:182,0,1,-
BRDA:192,1,0,-
BRDA:192,1,1,-
BRDA:192,2,0,-
BRDA:192,2,1,-
BRDA:192,0,0,-
BRDA:192,0,1,-
BRDA:197,0,0,-
BRDA:197,0,1,-
BRF:56
BRH:0
DA:17,0
DA:18,0
DA:19,0
DA:20,0
DA:21,0
DA:23,0
DA:25,0
DA:26,0
DA:29,0
DA:32,0
DA:35,0
DA:38,0
DA:39,0
DA:40,0
DA:41,0
DA:43,0
DA:45,0
DA:46,0
DA:47,0
DA:48,0
DA:49,0
DA:50,0
DA:51,0
DA:52,0
DA:53,0
DA:54,0
DA:55,0
DA:56,0
DA:57,0
DA:60,0
DA:63,0
DA:65,0
DA:66,0
DA:71,0
DA:73,0
DA:75,0
DA:78,0
DA:81,0
DA:82,0
DA:83,0
DA:84,0
DA:85,0
DA:87,0
DA:89,0
DA:92,0
DA:93,0
DA:94,0
DA:97,0
DA:98,0
DA:99,0
DA:102,0
DA:103,0
DA:104,0
DA:105,0
DA:106,0
DA:109,0
DA:110,0
DA:111,0
DA:112,0
DA:113,0
DA:115,0
DA:118,0
DA:119,0
DA:120,0
DA:121,0
DA:124,0
DA:127,0
DA:129,0
DA:130,0
DA:131,0
DA:132,0
DA:133,0
DA:134,0
DA:137,0
DA:138,0
DA:139,0
DA:140,0
DA:141,0
DA:144,0
DA:145,0
DA:146,0
DA:147,0
DA:148,0
DA:151,0
DA:152,0
DA:155,0
DA:156,0
DA:157,0
DA:158,0
DA:161,0
DA:163,0
DA:165,0
DA:168,0
DA:169,0
DA:172,0
DA:173,0
DA:176,0
DA:177,0
DA:179,0
DA:182,0
DA:183,0
DA:185,0
DA:186,0
DA:187,0
DA:188,0
DA:190,0
DA:192,0
DA:193,0
DA:194,0
DA:196,0
DA:197,0
DA:198,0
DA:199,0
DA:201,0
DA:202,0
DA:203,0
DA:204,0
DA:206,0
DA:208,0
DA:210,0
DA:211,0
LF:121
LH:0
end_of_record
TN:
SF:src/interfaces/csp_if_lo.c
FN:11,17,csp_if_lo.c:csp_lo_tx
FNDA:14,csp_if_lo.c:csp_lo_tx
FNF:1
FNH:1
DA:11,14
DA:14,14
DA:16,14
DA:17,14
LF:4
LH:4
end_of_record
TN:
SF:src/interfaces/csp_if_tun.c
FN:11,13,csp_crypto_encrypt
FN:111,120,csp_if_tun_init
FN:15,109,csp_if_tun.c:csp_if_tun_tx
FN:7,9,csp_crypto_decrypt
FNDA:0,csp_crypto_encrypt
FNDA:0,csp_if_tun_init
FNDA:0,csp_if_tun.c:csp_if_tun_tx
FNDA:0,csp_crypto_decrypt
FNF:4
FNH:0
BRDA:21,0,0,-
BRDA:21,0,1,-
BRDA:26,0,0,-
BRDA:26,0,1,-
BRDA:37,0,0,-
BRDA:37,0,1,-
BRF:6
BRH:0
DA:7,0
DA:8,0
DA:9,0
DA:11,0
DA:12,0
DA:13,0
DA:15,0
DA:17,0
DA:20,0
DA:21,0
DA:22,0
DA:23,0
DA:24,0
DA:26,0
DA:33,0
DA:35,0
DA:36,0
DA:37,0
DA:38,0
DA:39,0
DA:40,0
DA:41,0
DA:42,0
DA:43,0
DA:44,0
DA:52,0
DA:56,0
DA:61,0
DA:63,0
DA:72,0
DA:77,0
DA:78,0
DA:79,0
DA:80,0
DA:81,0
DA:82,0
DA:84,0
DA:86,0
DA:93,0
DA:98,0
DA:103,0
DA:105,0
DA:107,0
DA:109,0
DA:111,0
DA:113,0
DA:116,0
DA:117,0
DA:118,0
DA:120,0
LF:50
LH:0
end_of_record
TN:
SF:src/interfaces/csp_if_udp.c
FN:104,139,csp_if_udp_init
FN:19,36,csp_if_udp.c:csp_if_udp_tx
FN:38,65,csp_if_udp_rx_work
FN:67,102,csp_if_udp_rx_loop
FNDA:0,csp_if_udp_init
FNDA:0,csp_if_udp.c:csp_if_udp_tx
FNDA:0,csp_if_udp_rx_work
FNDA:0,csp_if_udp_rx_loop
FNF:4
FNH:0
BRDA:23,0,0,-
BRDA:23,0,1,-
BRDA:41,0,0,-
BRDA:41,0,1,-
BRDA:49,0,0,-
BRDA:49,0,1,-
BRDA:57,0,0,-
BRDA:57,0,1,-
BRDA:72,0,0,-
BRDA:72,0,1,-
BRDA:83,0,0,-
BRDA:83,0,1,-
BRDA:94,0,0,-
BRDA:94,0,1,-
BRDA:96,0,0,-
BRDA:96,0,1,-
BRDA:111,0,0,-
BRDA:111,0,1,-
BRDA:119,0,0,-
BRDA:119,0,1,-
BRDA:123,0,0,-
BRDA:123,0,1,-
BRDA:127,0,0,-
BRDA:127,0,1,-
BRDA:131,0,0,-
BRDA:131,0,1,-
BRF:26
BRH:0
DA:19,0
DA:21,0
DA:23,0
DA:24,0
DA:25,0
DA:26,0
DA:27,0
DA:29,0
DA:30,0
DA:31,0
DA:32,0
DA:33,0
DA:35,0
DA:36,0
DA:38,0
DA:40,0
DA:41,0
DA:42,0
DA:43,0
DA:46,0
DA:47,0
DA:49,0
DA:50,0
DA:51,0
DA:52,0
DA:54,0
DA:57,0
DA:58,0
DA:59,0
DA:60,0
DA:62,0
DA:64,0
DA:65,0
DA:67,0
DA:69,0
DA:70,0
DA:72,0
DA:74,0
DA:76,0
DA:77,0
DA:78,0
DA:79,0
DA:81,0
DA:83,0
DA:84,0
DA:85,0
DA:86,0
DA:87,0
DA:88,0
DA:89,0
DA:91,0
DA:92,0
DA:93,0
DA:94,0
DA:95,0
DA:96,0
DA:97,0
DA:98,0
DA:99,0
DA:101,0
DA:102,0
DA:104,0
DA:106,0
DA:107,0
DA:109,0
DA:111,0
DA:112,0
DA:113,0
DA:115,0
DA:118,0
DA:119,0
DA:120,0
DA:121,0
DA:122,0
DA:123,0
DA:124,0
DA:125,0
DA:126,0
DA:127,0
DA:128,0
DA:129,0
DA:130,0
DA:131,0
DA:132,0
DA:133,0
DA:136,0
DA:137,0
DA:138,0
DA:139,0
LF:89
LH:0
end_of_record
TN:
SF:src/interfaces/csp_if_zmqhub.c
FN:118,125,csp_zmqhub_make_endpoint
FN:130,139,csp_zmqhub_init
FN:145,156,csp_zmqhub_init_w_endpoints
FN:163,219,csp_zmqhub_init_w_name_endpoints_rxfilter
FN:221,339,csp_zmqhub_init_filter2
FN:36,56,csp_zmqhub_tx
FN:58,116,csp_zmqhub_task
FNDA:0,csp_zmqhub_make_endpoint
FNDA:0,csp_zmqhub_init
FNDA:0,csp_zmqhub_init_w_endpoints
FNDA:0,csp_zmqhub_init_w_name_endpoints_rxfilter
FNDA:0,csp_zmqhub_init_filter2
FNDA:0,csp_zmqhub_tx
FNDA:0,csp_zmqhub_task
FNF:7
FNH:0
BRDA:49,0,0,-
BRDA:49,0,1,-
BRDA:62,0,0,-
BRDA:62,0,1,-
BRDA:70,1,0,-
BRDA:70,1,1,-
BRDA:70,0,0,-
BRDA:70,0,1,-
BRDA:73,0,0,-
BRDA:73,0,1,-
BRDA:79,0,0,-
BRDA:79,0,1,-
BRDA:87,0,0,-
BRDA:87,0,1,-
BRDA:102,0,0,-
BRDA:102,0,1,-
BRDA:120,0,0,-
BRDA:120,0,1,-
BRDA:120,1,0,-
BRDA:120,1,1,-
BRDA:168,0,0,-
BRDA:168,0,1,-
BRDA:168,1,0,-
BRDA:168,1,1,-
BRDA:170,0,0,-
BRDA:170,0,1,-
BRDA:181,1,0,-
BRDA:181,1,1,-
BRDA:181,0,0,-
BRDA:181,0,1,-
BRDA:187,0,0,-
BRDA:187,0,1,-
BRDA:187,1,0,-
BRDA:187,1,1,-
BRDA:191,0,0,-
BRDA:191,0,1,-
BRDA:191,1,0,-
BRDA:191,1,1,-
BRDA:195,1,0,-
BRDA:195,1,1,-
BRDA:195,0,0,-
BRDA:195,0,1,-
BRDA:199,1,0,-
BRDA:199,1,1,-
BRDA:199,0,0,-
BRDA:199,0,1,-
BRDA:201,0,0,-
BRDA:201,0,1,-
BRDA:201,1,0,-
BRDA:201,1,1,-
BRDA:205,0,0,-
BRDA:205,0,1,-
BRDA:205,1,0,-
BRDA:205,1,1,-
BRDA:207,1,0,-
BRDA:207,1,1,-
BRDA:207,0,0,-
BRDA:207,0,1,-
BRDA:209,1,0,-
BRDA:209,1,1,-
BRDA:209,0,0,-
BRDA:209,0,1,-
BRDA:214,0,0,-
BRDA:214,0,1,-
BRDA:232,0,0,-
BRDA:232,0,1,-
BRDA:232,1,0,-
BRDA:232,1,1,-
BRDA:234,0,0,-
BRDA:234,0,1,-
BRDA:244,1,0,-
BRDA:244,1,1,-
BRDA:244,0,0,-
BRDA:244,0,1,-
BRDA:250,0,0,-
BRDA:250,0,1,-
BRDA:250,1,0,-
BRDA:250,1,1,-
BRDA:254,1,0,-
BRDA:254,1,1,-
BRDA:254,0,0,-
BRDA:254,0,1,-
BRDA:257,0,0,-
BRDA:257,0,1,-
BRDA:293,0,0,-
BRDA:293,0,1,-
BRDA:293,1,0,-
BRDA:293,1,1,-
BRDA:295,0,0,-
BRDA:295,0,1,-
BRDA:295,1,0,-
BRDA:295,1,1,-
BRDA:298,0,0,-
BRDA:298,0,1,-
BRDA:302,1,0,-
BRDA:302,1,1,-
BRDA:302,0,0,-
BRDA:302,0,1,-
BRDA:310,0,0,-
BRDA:310,0,1,-
BRDA:325,1,0,-
BRDA:325,1,1,-
BRDA:325,0,0,-
BRDA:325,0,1,-
BRDA:327,1,0,-
BRDA:327,1,1,-
BRDA:327,0,0,-
BRDA:327,0,1,-
BRDA:329,0,0,-
BRDA:329,0,1,-
BRDA:329,1,0,-
BRDA:329,1,1,-
BRDA:334,0,0,-
BRDA:334,0,1,-
BRF:114
BRH:0
DA:26,0
DA:36,0
DA:38,0
DA:40,0
DA:45,0
DA:46,0
DA:47,0
DA:49,0
DA:50,0
DA:51,0
DA:53,0
DA:55,0
DA:56,0
DA:58,0
DA:60,0
DA:61,0
DA:62,0
DA:64,0
DA:65,0
DA:66,0
DA:67,0
DA:69,0
DA:70,0
DA:73,0
DA:74,0
DA:75,0
DA:76,0
DA:78,0
DA:79,0
DA:80,0
DA:81,0
DA:82,0
DA:83,0
DA:86,0
DA:87,0
DA:88,0
DA:89,0
DA:90,0
DA:91,0
DA:94,0
DA:96,0
DA:98,0
DA:99,0
DA:102,0
DA:103,0
DA:104,0
DA:105,0
DA:106,0
DA:107,0
DA:110,0
DA:112,0
DA:113,0
DA:115,0
DA:116,0
DA:118,0
DA:119,0
DA:120,0
DA:121,0
DA:122,0
DA:123,0
DA:124,0
DA:125,0
DA:130,0
DA:132,0
DA:133,0
DA:135,0
DA:136,0
DA:138,0
DA:139,0
DA:145,0
DA:147,0
DA:148,0
DA:150,0
DA:151,0
DA:152,0
DA:153,0
DA:154,0
DA:155,0
DA:156,0
DA:163,0
DA:165,0
DA:166,0
DA:167,0
DA:168,0
DA:170,0
DA:171,0
DA:172,0
DA:174,0
DA:175,0
DA:176,0
DA:177,0
DA:178,0
DA:180,0
DA:181,0
DA:186,0
DA:187,0
DA:190,0
DA:191,0
DA:194,0
DA:195,0
DA:198,0
DA:199,0
DA:200,0
DA:201,0
DA:204,0
DA:205,0
DA:206,0
DA:207,0
DA:208,0
DA:209,0
DA:210,0
DA:212,0
DA:214,0
DA:215,0
DA:216,0
DA:218,0
DA:219,0
DA:221,0
DA:223,0
DA:224,0
DA:226,0
DA:227,0
DA:229,0
DA:230,0
DA:231,0
DA:232,0
DA:234,0
DA:235,0
DA:236,0
DA:238,0
DA:239,0
DA:240,0
DA:241,0
DA:243,0
DA:244,0
DA:246,0
DA:249,0
DA:250,0
DA:253,0
DA:254,0
DA:257,0
DA:258,0
DA:260,0
DA:262,0
DA:263,0
DA:264,0
DA:266,0
DA:267,0
DA:268,0
DA:269,0
DA:270,0
DA:272,0
DA:274,0
DA:276,0
DA:278,0
DA:279,0
DA:280,0
DA:281,0
DA:283,0
DA:284,0
DA:285,0
DA:286,0
DA:289,0
DA:292,0
DA:293,0
DA:294,0
DA:295,0
DA:296,0
DA:298,0
DA:301,0
DA:302,0
DA:304,0
DA:308,0
DA:310,0
DA:312,0
DA:313,0
DA:314,0
DA:315,0
DA:316,0
DA:317,0
DA:318,0
DA:320,0
DA:324,0
DA:325,0
DA:326,0
DA:327,0
DA:328,0
DA:329,0
DA:332,0
DA:334,0
DA:335,0
DA:336,0
DA:338,0
DA:339,0
LF:194
LH:0
end_of_record
